Using pre-set license
Built from '2020.2/release' branch; Version is '2020.2.2f1 (068178b99f32) revision 426360'; Using compiler version '192528614'; Build Type 'Release'
OS: 'Windows 10 Home; OS build 19043.1288; Version 2009; 64bit' Language: 'en' Physical Memory: 16138 MB
BatchMode: 1, IsHumanControllingUs: 0, StartBugReporterOnCrash: 0, Is64bit: 1, IsPro: 0

 COMMAND LINE ARGUMENTS:
C:\Program Files\Unity\Editor\Unity.exe
-adb2
-batchMode
-noUpm
-name
AssetImportWorker0
-projectPath
C:/Users/seven/Documents/tafe/cert iv digital and interactive games/Game Design/Assessment 3 - Retro/Retro-Assessment-2D
-logFile
Logs/AssetImportWorker0.log
-srvPort
53021
Successfully changed project path to: C:/Users/seven/Documents/tafe/cert iv digital and interactive games/Game Design/Assessment 3 - Retro/Retro-Assessment-2D
C:/Users/seven/Documents/tafe/cert iv digital and interactive games/Game Design/Assessment 3 - Retro/Retro-Assessment-2D
Using Asset Import Pipeline V2.
Refreshing native plugins compatible for Editor in 110.33 ms, found 1 plugins.
Preloading 0 native plugins for Editor in 0.00 ms.
Initialize engine version: 2020.2.2f1 (068178b99f32)
[Subsystems] Discovering subsystems at path C:/Program Files/Unity/Editor/Data/Resources/UnitySubsystems
[Subsystems] Discovering subsystems at path C:/Users/seven/Documents/tafe/cert iv digital and interactive games/Game Design/Assessment 3 - Retro/Retro-Assessment-2D/Assets
GfxDevice: creating device client; threaded=0
Direct3D:
    Version:  Direct3D 11.0 [level 11.1]
    Renderer: Intel(R) Iris(R) Plus Graphics (ID=0x8a52)
    Vendor:   
    VRAM:     8069 MB
    Driver:   27.20.100.9664
Initialize mono
Mono path[0] = 'C:/Program Files/Unity/Editor/Data/Managed'
Mono path[1] = 'C:/Program Files/Unity/Editor/Data/MonoBleedingEdge/lib/mono/unityjit'
Mono config path = 'C:/Program Files/Unity/Editor/Data/MonoBleedingEdge/etc'
Using monoOptions --debugger-agent=transport=dt_socket,embedding=1,server=y,suspend=n,address=127.0.0.1:56816
Begin MonoManager ReloadAssembly
Registering precompiled unity dll's ...
Register platform support module: C:/Program Files/Unity/Editor/Data/PlaybackEngines/WindowsStandaloneSupport/UnityEditor.WindowsStandalone.Extensions.dll
Registered in 0.003236 seconds.
Native extension for WindowsStandalone target not found
Refreshing native plugins compatible for Editor in 80.67 ms, found 1 plugins.
Preloading 0 native plugins for Editor in 0.00 ms.
Invoked RoslynAnalysisRunner static constructor.
RoslynAnalysisRunner will not be running.
RoslynAnalysisRunner has terminated.
Mono: successfully reloaded assembly
- Completed reload, in  2.398 seconds
Platform modules already initialized, skipping
Registering precompiled user dll's ...
Registered in 0.001874 seconds.
Begin MonoManager ReloadAssembly
Native extension for WindowsStandalone target not found
Refreshing native plugins compatible for Editor in 82.77 ms, found 1 plugins.
Preloading 0 native plugins for Editor in 0.00 ms.
Invoked RoslynAnalysisRunner static constructor.
RoslynAnalysisRunner will not be running.
RoslynAnalysisRunner has terminated.
Mono: successfully reloaded assembly
- Completed reload, in  2.147 seconds
Platform modules already initialized, skipping
========================================================================
Worker process is ready to serve import requests
Launched and connected shader compiler UnityShaderCompiler.exe after 0.09 seconds
Refreshing native plugins compatible for Editor in 0.45 ms, found 1 plugins.
Preloading 0 native plugins for Editor in 0.00 ms.
Unloading 1792 Unused Serialized files (Serialized files now loaded: 0)
System memory in use before: 84.8 MB.
System memory in use after: 84.8 MB.

Unloading 24 unused Assets to reduce memory usage. Loaded Objects now: 2233.
Total: 3.642400 ms (FindLiveObjects: 0.343600 ms CreateObjectMapping: 0.184400 ms MarkObjects: 2.785700 ms  DeleteObjects: 0.327100 ms)

========================================================================
Received Import Request.
  path: Assets
  artifactKey: Guid(00000000000000001000000000000000) Importer(815301076,1909f56bfc062723c751e8b465ee728b)
Start importing Assets using Guid(00000000000000001000000000000000) Importer(815301076,1909f56bfc062723c751e8b465ee728b)  -> (artifact id: '4a6e520b92ccfc61bcfa21a7bcab8468') in 0.056155 seconds
  Import took 0.062628 seconds .

========================================================================
Received Import Request.
  Time since last request: 7.857842 seconds.
  path: Assets/Scripts
  artifactKey: Guid(84223b2123b8a144893a9b508e193eee) Importer(815301076,1909f56bfc062723c751e8b465ee728b)
Start importing Assets/Scripts using Guid(84223b2123b8a144893a9b508e193eee) Importer(815301076,1909f56bfc062723c751e8b465ee728b)  -> (artifact id: '7f7bfdb57f01233f54b47158f41ed647') in 0.017184 seconds
  Import took 0.023473 seconds .

========================================================================
Received Prepare
Registering precompiled user dll's ...
Registered in 0.002083 seconds.
Begin MonoManager ReloadAssembly
Native extension for WindowsStandalone target not found
Refreshing native plugins compatible for Editor in 0.60 ms, found 1 plugins.
Preloading 0 native plugins for Editor in 0.00 ms.
Invoked RoslynAnalysisRunner static constructor.
RoslynAnalysisRunner will not be running.
RoslynAnalysisRunner has terminated.
Mono: successfully reloaded assembly
- Completed reload, in  1.900 seconds
Platform modules already initialized, skipping
Refreshing native plugins compatible for Editor in 0.80 ms, found 1 plugins.
Preloading 0 native plugins for Editor in 0.00 ms.
Unloading 1793 Unused Serialized files (Serialized files now loaded: 0)
System memory in use before: 85.0 MB.
System memory in use after: 85.0 MB.

Unloading 12 unused Assets to reduce memory usage. Loaded Objects now: 2242.
Total: 4.507800 ms (FindLiveObjects: 0.335800 ms CreateObjectMapping: 0.111000 ms MarkObjects: 3.633000 ms  DeleteObjects: 0.425700 ms)

========================================================================
Received Import Request.
  Time since last request: 70.999763 seconds.
  path: Assets/Scripts/PointsHandler.cs
  artifactKey: Guid(2681de95f75dc0c46a9f7c4e18087262) Importer(815301076,1909f56bfc062723c751e8b465ee728b)
Start importing Assets/Scripts/PointsHandler.cs using Guid(2681de95f75dc0c46a9f7c4e18087262) Importer(815301076,1909f56bfc062723c751e8b465ee728b)  -> (artifact id: '3ce0010fa8e801cdb96847577f78d1e0') in 0.057333 seconds
  Import took 0.062394 seconds .

========================================================================
Received Import Request.
  Time since last request: 27.142676 seconds.
  path: Assets/Scripts/PlayerControls.cs
  artifactKey: Guid(1c0549f9023ad8a4dac62a71a5ede42f) Importer(815301076,1909f56bfc062723c751e8b465ee728b)
Start importing Assets/Scripts/PlayerControls.cs using Guid(1c0549f9023ad8a4dac62a71a5ede42f) Importer(815301076,1909f56bfc062723c751e8b465ee728b)  -> (artifact id: 'f32d192250b540a7d920de69da6021d8') in 0.018725 seconds
  Import took 0.025710 seconds .

========================================================================
Received Import Request.
  Time since last request: 2.939541 seconds.
  path: Assets/Scripts/ObstacleSpawner.cs
  artifactKey: Guid(20339d76eb7a45741be9bb8e5f8994d0) Importer(815301076,1909f56bfc062723c751e8b465ee728b)
Start importing Assets/Scripts/ObstacleSpawner.cs using Guid(20339d76eb7a45741be9bb8e5f8994d0) Importer(815301076,1909f56bfc062723c751e8b465ee728b)  -> (artifact id: 'bc2274fd1eea4b859b79129d1d09b8d2') in 0.020712 seconds
  Import took 0.028614 seconds .

========================================================================
Received Import Request.
  Time since last request: 0.000652 seconds.
  path: Assets/Scripts/ObstacleSpawner.cs
  artifactKey: Guid(20339d76eb7a45741be9bb8e5f8994d0) Importer(815301076,1909f56bfc062723c751e8b465ee728b)
Start importing Assets/Scripts/ObstacleSpawner.cs using Guid(20339d76eb7a45741be9bb8e5f8994d0) Importer(815301076,1909f56bfc062723c751e8b465ee728b)  -> (artifact id: 'bc2274fd1eea4b859b79129d1d09b8d2') in 0.008286 seconds
  Import took 0.015717 seconds .

========================================================================
Received Import Request.
  Time since last request: 2.183438 seconds.
  path: Assets/Scripts/ObstacleMover.cs
  artifactKey: Guid(a0073417d31d838409bf39fed990eda5) Importer(815301076,1909f56bfc062723c751e8b465ee728b)
Start importing Assets/Scripts/ObstacleMover.cs using Guid(a0073417d31d838409bf39fed990eda5) Importer(815301076,1909f56bfc062723c751e8b465ee728b)  -> (artifact id: '96e8800c706d054067fd83e65f622aa8') in 0.024328 seconds
  Import took 0.030605 seconds .

========================================================================
Received Import Request.
  Time since last request: 1.935134 seconds.
  path: Assets/Scripts/ObstacleCollision.cs
  artifactKey: Guid(4b40024317d201145bf328397364aa87) Importer(815301076,1909f56bfc062723c751e8b465ee728b)
Start importing Assets/Scripts/ObstacleCollision.cs using Guid(4b40024317d201145bf328397364aa87) Importer(815301076,1909f56bfc062723c751e8b465ee728b)  -> (artifact id: 'ecae87ae5e1cd96ade6729357f6e4d9f') in 0.022907 seconds
  Import took 0.033395 seconds .

========================================================================
Received Import Request.
  Time since last request: 2.000528 seconds.
  path: Assets/Scripts/EnemyMover.cs
  artifactKey: Guid(9a0d5824200d4ff43af45b2bc94674ee) Importer(815301076,1909f56bfc062723c751e8b465ee728b)
Start importing Assets/Scripts/EnemyMover.cs using Guid(9a0d5824200d4ff43af45b2bc94674ee) Importer(815301076,1909f56bfc062723c751e8b465ee728b)  -> (artifact id: '899e1fea0f69517cff62243c23f5c31f') in 0.005738 seconds
  Import took 0.012391 seconds .

========================================================================
Received Prepare
Registering precompiled user dll's ...
Registered in 0.001954 seconds.
Begin MonoManager ReloadAssembly
Native extension for WindowsStandalone target not found
Refreshing native plugins compatible for Editor in 0.59 ms, found 1 plugins.
Preloading 0 native plugins for Editor in 0.00 ms.
Invoked RoslynAnalysisRunner static constructor.
RoslynAnalysisRunner will not be running.
RoslynAnalysisRunner has terminated.
Mono: successfully reloaded assembly
- Completed reload, in  1.949 seconds
Platform modules already initialized, skipping
Refreshing native plugins compatible for Editor in 0.94 ms, found 1 plugins.
Preloading 0 native plugins for Editor in 0.00 ms.
Unloading 1793 Unused Serialized files (Serialized files now loaded: 0)
System memory in use before: 85.1 MB.
System memory in use after: 85.1 MB.

Unloading 12 unused Assets to reduce memory usage. Loaded Objects now: 2245.
Total: 3.626600 ms (FindLiveObjects: 0.541700 ms CreateObjectMapping: 0.097900 ms MarkObjects: 2.758200 ms  DeleteObjects: 0.226700 ms)

========================================================================
Received Import Request.
  Time since last request: 78.061180 seconds.
  path: Assets/Scripts/EnemyMover.cs
  artifactKey: Guid(9a0d5824200d4ff43af45b2bc94674ee) Importer(815301076,1909f56bfc062723c751e8b465ee728b)
Start importing Assets/Scripts/EnemyMover.cs using Guid(9a0d5824200d4ff43af45b2bc94674ee) Importer(815301076,1909f56bfc062723c751e8b465ee728b)  -> (artifact id: 'e968ce1e2e54c22bd0b449a002dda1b6') in 0.010195 seconds
  Import took 0.016955 seconds .

========================================================================
Received Prepare
Registering precompiled user dll's ...
Registered in 0.001709 seconds.
Begin MonoManager ReloadAssembly
Native extension for WindowsStandalone target not found
Refreshing native plugins compatible for Editor in 0.63 ms, found 1 plugins.
Preloading 0 native plugins for Editor in 0.00 ms.
Invoked RoslynAnalysisRunner static constructor.
RoslynAnalysisRunner will not be running.
RoslynAnalysisRunner has terminated.
Mono: successfully reloaded assembly
- Completed reload, in  1.800 seconds
Platform modules already initialized, skipping
Refreshing native plugins compatible for Editor in 0.72 ms, found 1 plugins.
Preloading 0 native plugins for Editor in 0.00 ms.
Unloading 1793 Unused Serialized files (Serialized files now loaded: 0)
System memory in use before: 85.2 MB.
System memory in use after: 85.2 MB.

Unloading 12 unused Assets to reduce memory usage. Loaded Objects now: 2248.
Total: 3.503800 ms (FindLiveObjects: 0.362900 ms CreateObjectMapping: 0.082400 ms MarkObjects: 2.784000 ms  DeleteObjects: 0.271900 ms)

========================================================================
Received Prepare
Registering precompiled user dll's ...
Registered in 0.001597 seconds.
Begin MonoManager ReloadAssembly
Native extension for WindowsStandalone target not found
Refreshing native plugins compatible for Editor in 0.56 ms, found 1 plugins.
Preloading 0 native plugins for Editor in 0.00 ms.
Invoked RoslynAnalysisRunner static constructor.
RoslynAnalysisRunner will not be running.
RoslynAnalysisRunner has terminated.
Mono: successfully reloaded assembly
- Completed reload, in  1.765 seconds
Platform modules already initialized, skipping
Refreshing native plugins compatible for Editor in 0.61 ms, found 1 plugins.
Preloading 0 native plugins for Editor in 0.00 ms.
Unloading 1793 Unused Serialized files (Serialized files now loaded: 0)
System memory in use before: 85.3 MB.
System memory in use after: 85.3 MB.

Unloading 12 unused Assets to reduce memory usage. Loaded Objects now: 2251.
Total: 4.335100 ms (FindLiveObjects: 0.263600 ms CreateObjectMapping: 0.252400 ms MarkObjects: 3.517000 ms  DeleteObjects: 0.299500 ms)

========================================================================
Received Import Request.
  Time since last request: 578.112990 seconds.
  path: Assets/Resources
  artifactKey: Guid(baa3f05c47b5443428898e33fd0732b3) Importer(815301076,1909f56bfc062723c751e8b465ee728b)
Start importing Assets/Resources using Guid(baa3f05c47b5443428898e33fd0732b3) Importer(815301076,1909f56bfc062723c751e8b465ee728b)  -> (artifact id: 'ff574ef7e10a04b8088cd022a3c65205') in 0.019777 seconds
  Import took 0.025393 seconds .

========================================================================
Received Prepare
Registering precompiled user dll's ...
Registered in 0.001391 seconds.
Begin MonoManager ReloadAssembly
Native extension for WindowsStandalone target not found
Refreshing native plugins compatible for Editor in 0.51 ms, found 1 plugins.
Preloading 0 native plugins for Editor in 0.00 ms.
Invoked RoslynAnalysisRunner static constructor.
RoslynAnalysisRunner will not be running.
RoslynAnalysisRunner has terminated.
Mono: successfully reloaded assembly
- Completed reload, in  1.798 seconds
Platform modules already initialized, skipping
Refreshing native plugins compatible for Editor in 0.64 ms, found 1 plugins.
Preloading 0 native plugins for Editor in 0.00 ms.
Unloading 1793 Unused Serialized files (Serialized files now loaded: 0)
System memory in use before: 85.3 MB.
System memory in use after: 85.3 MB.

Unloading 12 unused Assets to reduce memory usage. Loaded Objects now: 2254.
Total: 3.602400 ms (FindLiveObjects: 0.366100 ms CreateObjectMapping: 0.108800 ms MarkObjects: 2.924700 ms  DeleteObjects: 0.200300 ms)

========================================================================
Received Prepare
Registering precompiled user dll's ...
Registered in 0.001547 seconds.
Begin MonoManager ReloadAssembly
Native extension for WindowsStandalone target not found
Refreshing native plugins compatible for Editor in 1.14 ms, found 1 plugins.
Preloading 0 native plugins for Editor in 0.00 ms.
Invoked RoslynAnalysisRunner static constructor.
RoslynAnalysisRunner will not be running.
RoslynAnalysisRunner has terminated.
Mono: successfully reloaded assembly
- Completed reload, in  1.726 seconds
Platform modules already initialized, skipping
Refreshing native plugins compatible for Editor in 0.51 ms, found 1 plugins.
Preloading 0 native plugins for Editor in 0.00 ms.
Unloading 1793 Unused Serialized files (Serialized files now loaded: 0)
System memory in use before: 85.4 MB.
System memory in use after: 85.4 MB.

Unloading 12 unused Assets to reduce memory usage. Loaded Objects now: 2257.
Total: 3.909300 ms (FindLiveObjects: 0.661100 ms CreateObjectMapping: 0.222700 ms MarkObjects: 2.728400 ms  DeleteObjects: 0.295500 ms)

========================================================================
Received Import Request.
  Time since last request: 413.539532 seconds.
  path: Assets/Resources/Prefabs
  artifactKey: Guid(0c8d3551aa808f542a6223201facbc00) Importer(815301076,1909f56bfc062723c751e8b465ee728b)
Start importing Assets/Resources/Prefabs using Guid(0c8d3551aa808f542a6223201facbc00) Importer(815301076,1909f56bfc062723c751e8b465ee728b)  -> (artifact id: '20b9ec2c4a69cb6cbd4fd0b322d87919') in 0.017167 seconds
  Import took 0.058285 seconds .

========================================================================
Received Import Request.
  Time since last request: 3.991928 seconds.
  path: Assets/Resources/Prefabs/Holy water.prefab
  artifactKey: Guid(0e0079f9ad75c264daff8bdf5150ada9) Importer(815301076,1909f56bfc062723c751e8b465ee728b)
Start importing Assets/Resources/Prefabs/Holy water.prefab using Guid(0e0079f9ad75c264daff8bdf5150ada9) Importer(815301076,1909f56bfc062723c751e8b465ee728b)  -> (artifact id: '464902a8ab8d8eea248ec248a7fe17f2') in 0.148602 seconds
  Import took 0.205671 seconds .

========================================================================
Received Prepare
Registering precompiled user dll's ...
Registered in 0.001251 seconds.
Begin MonoManager ReloadAssembly
Native extension for WindowsStandalone target not found
Refreshing native plugins compatible for Editor in 0.46 ms, found 1 plugins.
Preloading 0 native plugins for Editor in 0.00 ms.
Invoked RoslynAnalysisRunner static constructor.
RoslynAnalysisRunner will not be running.
RoslynAnalysisRunner has terminated.
Mono: successfully reloaded assembly
- Completed reload, in  1.634 seconds
Platform modules already initialized, skipping
Refreshing native plugins compatible for Editor in 0.62 ms, found 1 plugins.
Preloading 0 native plugins for Editor in 0.00 ms.
Unloading 1793 Unused Serialized files (Serialized files now loaded: 0)
System memory in use before: 88.6 MB.
System memory in use after: 88.6 MB.

Unloading 12 unused Assets to reduce memory usage. Loaded Objects now: 2267.
Total: 4.250200 ms (FindLiveObjects: 0.427900 ms CreateObjectMapping: 0.166900 ms MarkObjects: 3.411100 ms  DeleteObjects: 0.241800 ms)

========================================================================
Received Prepare
Registering precompiled user dll's ...
Registered in 0.001694 seconds.
Begin MonoManager ReloadAssembly
Native extension for WindowsStandalone target not found
Refreshing native plugins compatible for Editor in 0.51 ms, found 1 plugins.
Preloading 0 native plugins for Editor in 0.00 ms.
Invoked RoslynAnalysisRunner static constructor.
RoslynAnalysisRunner will not be running.
RoslynAnalysisRunner has terminated.
Mono: successfully reloaded assembly
- Completed reload, in  1.787 seconds
Platform modules already initialized, skipping
Refreshing native plugins compatible for Editor in 0.51 ms, found 1 plugins.
Preloading 0 native plugins for Editor in 0.00 ms.
Unloading 1793 Unused Serialized files (Serialized files now loaded: 0)
System memory in use before: 88.7 MB.
System memory in use after: 88.7 MB.

Unloading 12 unused Assets to reduce memory usage. Loaded Objects now: 2270.
Total: 4.230300 ms (FindLiveObjects: 0.639200 ms CreateObjectMapping: 0.294100 ms MarkObjects: 3.066500 ms  DeleteObjects: 0.215000 ms)

========================================================================
Received Prepare
Registering precompiled user dll's ...
Registered in 0.001620 seconds.
Begin MonoManager ReloadAssembly
Native extension for WindowsStandalone target not found
Refreshing native plugins compatible for Editor in 0.52 ms, found 1 plugins.
Preloading 0 native plugins for Editor in 0.00 ms.
Invoked RoslynAnalysisRunner static constructor.
RoslynAnalysisRunner will not be running.
RoslynAnalysisRunner has terminated.
Mono: successfully reloaded assembly
- Completed reload, in  1.701 seconds
Platform modules already initialized, skipping
Refreshing native plugins compatible for Editor in 0.50 ms, found 1 plugins.
Preloading 0 native plugins for Editor in 0.00 ms.
Unloading 1793 Unused Serialized files (Serialized files now loaded: 0)
System memory in use before: 88.7 MB.
System memory in use after: 88.7 MB.

Unloading 12 unused Assets to reduce memory usage. Loaded Objects now: 2273.
Total: 4.294200 ms (FindLiveObjects: 0.318100 ms CreateObjectMapping: 0.219900 ms MarkObjects: 3.534400 ms  DeleteObjects: 0.219900 ms)

========================================================================
Received Prepare
Registering precompiled user dll's ...
Registered in 0.001637 seconds.
Begin MonoManager ReloadAssembly
Native extension for WindowsStandalone target not found
Refreshing native plugins compatible for Editor in 0.57 ms, found 1 plugins.
Preloading 0 native plugins for Editor in 0.00 ms.
Invoked RoslynAnalysisRunner static constructor.
RoslynAnalysisRunner will not be running.
RoslynAnalysisRunner has terminated.
Mono: successfully reloaded assembly
- Completed reload, in  1.725 seconds
Platform modules already initialized, skipping
Refreshing native plugins compatible for Editor in 0.48 ms, found 1 plugins.
Preloading 0 native plugins for Editor in 0.00 ms.
Unloading 1793 Unused Serialized files (Serialized files now loaded: 0)
System memory in use before: 88.8 MB.
System memory in use after: 88.8 MB.

Unloading 12 unused Assets to reduce memory usage. Loaded Objects now: 2276.
Total: 4.787700 ms (FindLiveObjects: 0.423900 ms CreateObjectMapping: 0.180500 ms MarkObjects: 3.955800 ms  DeleteObjects: 0.225800 ms)

========================================================================
Received Prepare
Registering precompiled user dll's ...
Registered in 0.002076 seconds.
Begin MonoManager ReloadAssembly
Native extension for WindowsStandalone target not found
Refreshing native plugins compatible for Editor in 0.51 ms, found 1 plugins.
Preloading 0 native plugins for Editor in 0.00 ms.
Invoked RoslynAnalysisRunner static constructor.
RoslynAnalysisRunner will not be running.
RoslynAnalysisRunner has terminated.
Mono: successfully reloaded assembly
- Completed reload, in  1.767 seconds
Platform modules already initialized, skipping
Refreshing native plugins compatible for Editor in 0.58 ms, found 1 plugins.
Preloading 0 native plugins for Editor in 0.00 ms.
Unloading 1793 Unused Serialized files (Serialized files now loaded: 0)
System memory in use before: 88.9 MB.
System memory in use after: 88.9 MB.

Unloading 12 unused Assets to reduce memory usage. Loaded Objects now: 2279.
Total: 4.258000 ms (FindLiveObjects: 0.749100 ms CreateObjectMapping: 0.240500 ms MarkObjects: 2.992400 ms  DeleteObjects: 0.274000 ms)

========================================================================
Received Import Request.
  Time since last request: 481.986319 seconds.
  path: Assets/Scenes
  artifactKey: Guid(7b2267b0964d05d43a7868bf1c5bbbfd) Importer(815301076,1909f56bfc062723c751e8b465ee728b)
Start importing Assets/Scenes using Guid(7b2267b0964d05d43a7868bf1c5bbbfd) Importer(815301076,1909f56bfc062723c751e8b465ee728b)  -> (artifact id: '266579b14540ed139fe8c50dfb9abdf8') in 0.020508 seconds
  Import took 0.026291 seconds .

========================================================================
Received Prepare
Registering precompiled user dll's ...
Registered in 0.001975 seconds.
Begin MonoManager ReloadAssembly
Native extension for WindowsStandalone target not found
Refreshing native plugins compatible for Editor in 0.67 ms, found 1 plugins.
Preloading 0 native plugins for Editor in 0.00 ms.
Invoked RoslynAnalysisRunner static constructor.
RoslynAnalysisRunner will not be running.
RoslynAnalysisRunner has terminated.
Mono: successfully reloaded assembly
- Completed reload, in  1.832 seconds
Platform modules already initialized, skipping
Refreshing native plugins compatible for Editor in 0.66 ms, found 1 plugins.
Preloading 0 native plugins for Editor in 0.00 ms.
Unloading 1793 Unused Serialized files (Serialized files now loaded: 0)
System memory in use before: 88.9 MB.
System memory in use after: 88.9 MB.

Unloading 12 unused Assets to reduce memory usage. Loaded Objects now: 2282.
Total: 4.712500 ms (FindLiveObjects: 0.465200 ms CreateObjectMapping: 0.174100 ms MarkObjects: 3.844200 ms  DeleteObjects: 0.190500 ms)

========================================================================
Received Prepare
Registering precompiled user dll's ...
Registered in 0.001703 seconds.
Begin MonoManager ReloadAssembly
Native extension for WindowsStandalone target not found
Refreshing native plugins compatible for Editor in 0.61 ms, found 1 plugins.
Preloading 0 native plugins for Editor in 0.00 ms.
Invoked RoslynAnalysisRunner static constructor.
RoslynAnalysisRunner will not be running.
RoslynAnalysisRunner has terminated.
Mono: successfully reloaded assembly
- Completed reload, in  1.806 seconds
Platform modules already initialized, skipping
Refreshing native plugins compatible for Editor in 0.58 ms, found 1 plugins.
Preloading 0 native plugins for Editor in 0.00 ms.
Unloading 1793 Unused Serialized files (Serialized files now loaded: 0)
System memory in use before: 89.0 MB.
System memory in use after: 89.0 MB.

Unloading 12 unused Assets to reduce memory usage. Loaded Objects now: 2285.
Total: 3.758800 ms (FindLiveObjects: 0.313200 ms CreateObjectMapping: 0.083100 ms MarkObjects: 3.165400 ms  DeleteObjects: 0.195000 ms)

========================================================================
Received Prepare
Registering precompiled user dll's ...
Registered in 0.001913 seconds.
Begin MonoManager ReloadAssembly
Native extension for WindowsStandalone target not found
Refreshing native plugins compatible for Editor in 0.53 ms, found 1 plugins.
Preloading 0 native plugins for Editor in 0.00 ms.
Invoked RoslynAnalysisRunner static constructor.
RoslynAnalysisRunner will not be running.
RoslynAnalysisRunner has terminated.
Mono: successfully reloaded assembly
- Completed reload, in  1.773 seconds
Platform modules already initialized, skipping
Refreshing native plugins compatible for Editor in 0.60 ms, found 1 plugins.
Preloading 0 native plugins for Editor in 0.00 ms.
Unloading 1793 Unused Serialized files (Serialized files now loaded: 0)
System memory in use before: 89.1 MB.
System memory in use after: 89.1 MB.

Unloading 12 unused Assets to reduce memory usage. Loaded Objects now: 2288.
Total: 3.976400 ms (FindLiveObjects: 0.750100 ms CreateObjectMapping: 0.113100 ms MarkObjects: 2.903100 ms  DeleteObjects: 0.208400 ms)

========================================================================
Received Import Request.
  Time since last request: 246.901955 seconds.
  path: Assets/Resources/Prefabs/Ghost1.prefab
  artifactKey: Guid(7f25d01fc832b3b4eb8cb7c0bb2fc059) Importer(815301076,1909f56bfc062723c751e8b465ee728b)
Start importing Assets/Resources/Prefabs/Ghost1.prefab using Guid(7f25d01fc832b3b4eb8cb7c0bb2fc059) Importer(815301076,1909f56bfc062723c751e8b465ee728b)  -> (artifact id: '5d9ca3098a5496fdd1668c6bb74cc370') in 0.115992 seconds
  Import took 0.122356 seconds .

========================================================================
Received Prepare
Registering precompiled user dll's ...
Registered in 0.001575 seconds.
Begin MonoManager ReloadAssembly
Native extension for WindowsStandalone target not found
Refreshing native plugins compatible for Editor in 0.82 ms, found 1 plugins.
Preloading 0 native plugins for Editor in 0.00 ms.
Invoked RoslynAnalysisRunner static constructor.
RoslynAnalysisRunner will not be running.
RoslynAnalysisRunner has terminated.
Mono: successfully reloaded assembly
- Completed reload, in  1.853 seconds
Platform modules already initialized, skipping
Refreshing native plugins compatible for Editor in 0.44 ms, found 1 plugins.
Preloading 0 native plugins for Editor in 0.00 ms.
Unloading 1793 Unused Serialized files (Serialized files now loaded: 0)
System memory in use before: 89.2 MB.
System memory in use after: 89.2 MB.

Unloading 12 unused Assets to reduce memory usage. Loaded Objects now: 2292.
Total: 4.164900 ms (FindLiveObjects: 0.416500 ms CreateObjectMapping: 0.197300 ms MarkObjects: 3.321900 ms  DeleteObjects: 0.227800 ms)

========================================================================
Received Import Request.
  Time since last request: 91.881287 seconds.
  path: ProjectSettings/TagManager.asset
  artifactKey: Guid(00000000000000003000000000000000) Importer(815301076,1909f56bfc062723c751e8b465ee728b)
Start importing ProjectSettings/TagManager.asset using Guid(00000000000000003000000000000000) Importer(815301076,1909f56bfc062723c751e8b465ee728b)  -> (artifact id: 'e8c3ab6b558fa7fe7c42e9a55a892947') in 0.040166 seconds
  Import took 0.046805 seconds .

========================================================================
Received Import Request.
  Time since last request: 10.861562 seconds.
  path: Assets/Resources/Prefabs/Ghost1.prefab
  artifactKey: Guid(7f25d01fc832b3b4eb8cb7c0bb2fc059) Importer(815301076,1909f56bfc062723c751e8b465ee728b)
Start importing Assets/Resources/Prefabs/Ghost1.prefab using Guid(7f25d01fc832b3b4eb8cb7c0bb2fc059) Importer(815301076,1909f56bfc062723c751e8b465ee728b)  -> (artifact id: 'f4162303728398e99596f385fd38f461') in 0.104709 seconds
  Import took 0.111202 seconds .

========================================================================
Received Import Request.
  Time since last request: 2.411409 seconds.
  path: Assets/Resources/Prefabs/Holy water.prefab
  artifactKey: Guid(0e0079f9ad75c264daff8bdf5150ada9) Importer(815301076,1909f56bfc062723c751e8b465ee728b)
Start importing Assets/Resources/Prefabs/Holy water.prefab using Guid(0e0079f9ad75c264daff8bdf5150ada9) Importer(815301076,1909f56bfc062723c751e8b465ee728b)  -> (artifact id: 'ac04572bb5eb98b6b812ed9826a5c22e') in 0.029073 seconds
  Import took 0.037018 seconds .

========================================================================
Received Prepare
Registering precompiled user dll's ...
Registered in 0.001720 seconds.
Begin MonoManager ReloadAssembly
Native extension for WindowsStandalone target not found
Refreshing native plugins compatible for Editor in 0.74 ms, found 1 plugins.
Preloading 0 native plugins for Editor in 0.00 ms.
Invoked RoslynAnalysisRunner static constructor.
RoslynAnalysisRunner will not be running.
RoslynAnalysisRunner has terminated.
Mono: successfully reloaded assembly
- Completed reload, in  1.736 seconds
Platform modules already initialized, skipping
Refreshing native plugins compatible for Editor in 0.81 ms, found 1 plugins.
Preloading 0 native plugins for Editor in 0.00 ms.
Unloading 1793 Unused Serialized files (Serialized files now loaded: 0)
System memory in use before: 89.2 MB.
System memory in use after: 89.2 MB.

Unloading 13 unused Assets to reduce memory usage. Loaded Objects now: 2296.
Total: 5.085300 ms (FindLiveObjects: 0.335400 ms CreateObjectMapping: 0.139400 ms MarkObjects: 4.276400 ms  DeleteObjects: 0.332000 ms)

========================================================================
Received Prepare
Registering precompiled user dll's ...
Registered in 0.001622 seconds.
Begin MonoManager ReloadAssembly
Native extension for WindowsStandalone target not found
Refreshing native plugins compatible for Editor in 0.54 ms, found 1 plugins.
Preloading 0 native plugins for Editor in 0.00 ms.
Invoked RoslynAnalysisRunner static constructor.
RoslynAnalysisRunner will not be running.
RoslynAnalysisRunner has terminated.
Mono: successfully reloaded assembly
- Completed reload, in  1.781 seconds
Platform modules already initialized, skipping
Refreshing native plugins compatible for Editor in 0.52 ms, found 1 plugins.
Preloading 0 native plugins for Editor in 0.00 ms.
Unloading 1793 Unused Serialized files (Serialized files now loaded: 0)
System memory in use before: 89.3 MB.
System memory in use after: 89.3 MB.

Unloading 12 unused Assets to reduce memory usage. Loaded Objects now: 2299.
Total: 3.650400 ms (FindLiveObjects: 0.299600 ms CreateObjectMapping: 0.083500 ms MarkObjects: 2.879800 ms  DeleteObjects: 0.385300 ms)

========================================================================
Received Prepare
Registering precompiled user dll's ...
Registered in 0.002001 seconds.
Begin MonoManager ReloadAssembly
Native extension for WindowsStandalone target not found
Refreshing native plugins compatible for Editor in 0.59 ms, found 1 plugins.
Preloading 0 native plugins for Editor in 0.00 ms.
Invoked RoslynAnalysisRunner static constructor.
RoslynAnalysisRunner will not be running.
RoslynAnalysisRunner has terminated.
Mono: successfully reloaded assembly
- Completed reload, in  1.820 seconds
Platform modules already initialized, skipping
Refreshing native plugins compatible for Editor in 0.53 ms, found 1 plugins.
Preloading 0 native plugins for Editor in 0.00 ms.
Unloading 1793 Unused Serialized files (Serialized files now loaded: 0)
System memory in use before: 89.4 MB.
System memory in use after: 89.4 MB.

Unloading 12 unused Assets to reduce memory usage. Loaded Objects now: 2302.
Total: 3.991100 ms (FindLiveObjects: 0.540100 ms CreateObjectMapping: 0.318900 ms MarkObjects: 2.899300 ms  DeleteObjects: 0.230800 ms)

========================================================================
Received Prepare
Registering precompiled user dll's ...
Registered in 0.001568 seconds.
Begin MonoManager ReloadAssembly
Native extension for WindowsStandalone target not found
Refreshing native plugins compatible for Editor in 0.54 ms, found 1 plugins.
Preloading 0 native plugins for Editor in 0.00 ms.
Invoked RoslynAnalysisRunner static constructor.
RoslynAnalysisRunner will not be running.
RoslynAnalysisRunner has terminated.
Mono: successfully reloaded assembly
- Completed reload, in  1.760 seconds
Platform modules already initialized, skipping
Refreshing native plugins compatible for Editor in 0.47 ms, found 1 plugins.
Preloading 0 native plugins for Editor in 0.00 ms.
Unloading 1793 Unused Serialized files (Serialized files now loaded: 0)
System memory in use before: 89.4 MB.
System memory in use after: 89.4 MB.

Unloading 12 unused Assets to reduce memory usage. Loaded Objects now: 2305.
Total: 4.381900 ms (FindLiveObjects: 0.430900 ms CreateObjectMapping: 0.384200 ms MarkObjects: 3.298000 ms  DeleteObjects: 0.266600 ms)

========================================================================
Received Prepare
Registering precompiled user dll's ...
Registered in 0.001758 seconds.
Begin MonoManager ReloadAssembly
Native extension for WindowsStandalone target not found
Refreshing native plugins compatible for Editor in 0.83 ms, found 1 plugins.
Preloading 0 native plugins for Editor in 0.00 ms.
Invoked RoslynAnalysisRunner static constructor.
RoslynAnalysisRunner will not be running.
RoslynAnalysisRunner has terminated.
Mono: successfully reloaded assembly
- Completed reload, in  1.752 seconds
Platform modules already initialized, skipping
Refreshing native plugins compatible for Editor in 0.51 ms, found 1 plugins.
Preloading 0 native plugins for Editor in 0.00 ms.
Unloading 1793 Unused Serialized files (Serialized files now loaded: 0)
System memory in use before: 89.5 MB.
System memory in use after: 89.5 MB.

Unloading 12 unused Assets to reduce memory usage. Loaded Objects now: 2308.
Total: 3.861000 ms (FindLiveObjects: 0.248000 ms CreateObjectMapping: 0.112700 ms MarkObjects: 3.278100 ms  DeleteObjects: 0.220300 ms)

========================================================================
Received Prepare
Registering precompiled user dll's ...
Registered in 0.001582 seconds.
Begin MonoManager ReloadAssembly
Native extension for WindowsStandalone target not found
Refreshing native plugins compatible for Editor in 0.88 ms, found 1 plugins.
Preloading 0 native plugins for Editor in 0.00 ms.
Invoked RoslynAnalysisRunner static constructor.
RoslynAnalysisRunner will not be running.
RoslynAnalysisRunner has terminated.
Mono: successfully reloaded assembly
- Completed reload, in  1.788 seconds
Platform modules already initialized, skipping
Refreshing native plugins compatible for Editor in 0.48 ms, found 1 plugins.
Preloading 0 native plugins for Editor in 0.00 ms.
Unloading 1793 Unused Serialized files (Serialized files now loaded: 0)
System memory in use before: 89.6 MB.
System memory in use after: 89.6 MB.

Unloading 12 unused Assets to reduce memory usage. Loaded Objects now: 2311.
Total: 3.485100 ms (FindLiveObjects: 0.240200 ms CreateObjectMapping: 0.110400 ms MarkObjects: 2.849300 ms  DeleteObjects: 0.283500 ms)

========================================================================
Received Prepare
Registering precompiled user dll's ...
Registered in 0.001775 seconds.
Begin MonoManager ReloadAssembly
Native extension for WindowsStandalone target not found
Refreshing native plugins compatible for Editor in 0.54 ms, found 1 plugins.
Preloading 0 native plugins for Editor in 0.00 ms.
Invoked RoslynAnalysisRunner static constructor.
RoslynAnalysisRunner will not be running.
RoslynAnalysisRunner has terminated.
Mono: successfully reloaded assembly
- Completed reload, in  1.809 seconds
Platform modules already initialized, skipping
Refreshing native plugins compatible for Editor in 0.84 ms, found 1 plugins.
Preloading 0 native plugins for Editor in 0.00 ms.
Unloading 1793 Unused Serialized files (Serialized files now loaded: 0)
System memory in use before: 89.7 MB.
System memory in use after: 89.7 MB.

Unloading 12 unused Assets to reduce memory usage. Loaded Objects now: 2314.
Total: 3.941300 ms (FindLiveObjects: 0.344200 ms CreateObjectMapping: 0.143600 ms MarkObjects: 3.188200 ms  DeleteObjects: 0.263200 ms)

========================================================================
Received Prepare
Registering precompiled user dll's ...
Registered in 0.001754 seconds.
Begin MonoManager ReloadAssembly
Native extension for WindowsStandalone target not found
Refreshing native plugins compatible for Editor in 0.55 ms, found 1 plugins.
Preloading 0 native plugins for Editor in 0.00 ms.
Invoked RoslynAnalysisRunner static constructor.
RoslynAnalysisRunner will not be running.
RoslynAnalysisRunner has terminated.
Mono: successfully reloaded assembly
- Completed reload, in  1.792 seconds
Platform modules already initialized, skipping
Refreshing native plugins compatible for Editor in 1.32 ms, found 1 plugins.
Preloading 0 native plugins for Editor in 0.00 ms.
Unloading 1793 Unused Serialized files (Serialized files now loaded: 0)
System memory in use before: 89.7 MB.
System memory in use after: 89.7 MB.

Unloading 12 unused Assets to reduce memory usage. Loaded Objects now: 2317.
Total: 3.932700 ms (FindLiveObjects: 0.532800 ms CreateObjectMapping: 0.075300 ms MarkObjects: 3.101700 ms  DeleteObjects: 0.220700 ms)

========================================================================
Received Import Request.
  Time since last request: 419.452156 seconds.
  path: ProjectSettings/TagManager.asset
  artifactKey: Guid(00000000000000003000000000000000) Importer(815301076,1909f56bfc062723c751e8b465ee728b)
Start importing ProjectSettings/TagManager.asset using Guid(00000000000000003000000000000000) Importer(815301076,1909f56bfc062723c751e8b465ee728b)  -> (artifact id: 'f18d5d643191bf72ee507c7e986975fb') in 0.024999 seconds
  Import took 0.032652 seconds .

========================================================================
Received Prepare
Registering precompiled user dll's ...
Registered in 0.001881 seconds.
Begin MonoManager ReloadAssembly
Native extension for WindowsStandalone target not found
Refreshing native plugins compatible for Editor in 0.70 ms, found 1 plugins.
Preloading 0 native plugins for Editor in 0.00 ms.
Invoked RoslynAnalysisRunner static constructor.
RoslynAnalysisRunner will not be running.
RoslynAnalysisRunner has terminated.
Mono: successfully reloaded assembly
- Completed reload, in  1.852 seconds
Platform modules already initialized, skipping
Refreshing native plugins compatible for Editor in 0.57 ms, found 1 plugins.
Preloading 0 native plugins for Editor in 0.00 ms.
Unloading 1793 Unused Serialized files (Serialized files now loaded: 0)
System memory in use before: 89.8 MB.
System memory in use after: 89.8 MB.

Unloading 13 unused Assets to reduce memory usage. Loaded Objects now: 2320.
Total: 3.877300 ms (FindLiveObjects: 0.698100 ms CreateObjectMapping: 0.175500 ms MarkObjects: 2.810400 ms  DeleteObjects: 0.191600 ms)

========================================================================
Received Prepare
Registering precompiled user dll's ...
Registered in 0.001856 seconds.
Begin MonoManager ReloadAssembly
Native extension for WindowsStandalone target not found
Refreshing native plugins compatible for Editor in 0.78 ms, found 1 plugins.
Preloading 0 native plugins for Editor in 0.00 ms.
Invoked RoslynAnalysisRunner static constructor.
RoslynAnalysisRunner will not be running.
RoslynAnalysisRunner has terminated.
Mono: successfully reloaded assembly
- Completed reload, in  1.840 seconds
Platform modules already initialized, skipping
Refreshing native plugins compatible for Editor in 0.86 ms, found 1 plugins.
Preloading 0 native plugins for Editor in 0.00 ms.
Unloading 1793 Unused Serialized files (Serialized files now loaded: 0)
System memory in use before: 89.9 MB.
System memory in use after: 89.9 MB.

Unloading 12 unused Assets to reduce memory usage. Loaded Objects now: 2323.
Total: 4.856200 ms (FindLiveObjects: 0.288800 ms CreateObjectMapping: 0.097200 ms MarkObjects: 4.079200 ms  DeleteObjects: 0.389200 ms)

========================================================================
Received Prepare
Registering precompiled user dll's ...
Registered in 0.001776 seconds.
Begin MonoManager ReloadAssembly
Native extension for WindowsStandalone target not found
Refreshing native plugins compatible for Editor in 0.87 ms, found 1 plugins.
Preloading 0 native plugins for Editor in 0.00 ms.
Invoked RoslynAnalysisRunner static constructor.
RoslynAnalysisRunner will not be running.
RoslynAnalysisRunner has terminated.
Mono: successfully reloaded assembly
- Completed reload, in  1.913 seconds
Platform modules already initialized, skipping
Refreshing native plugins compatible for Editor in 0.54 ms, found 1 plugins.
Preloading 0 native plugins for Editor in 0.00 ms.
Unloading 1793 Unused Serialized files (Serialized files now loaded: 0)
System memory in use before: 89.9 MB.
System memory in use after: 89.9 MB.

Unloading 12 unused Assets to reduce memory usage. Loaded Objects now: 2326.
Total: 3.642100 ms (FindLiveObjects: 0.322500 ms CreateObjectMapping: 0.117200 ms MarkObjects: 2.968700 ms  DeleteObjects: 0.231500 ms)

========================================================================
Received Prepare
Registering precompiled user dll's ...
Registered in 0.001827 seconds.
Begin MonoManager ReloadAssembly
Native extension for WindowsStandalone target not found
Refreshing native plugins compatible for Editor in 0.70 ms, found 1 plugins.
Preloading 0 native plugins for Editor in 0.00 ms.
Invoked RoslynAnalysisRunner static constructor.
RoslynAnalysisRunner will not be running.
RoslynAnalysisRunner has terminated.
Mono: successfully reloaded assembly
- Completed reload, in  1.912 seconds
Platform modules already initialized, skipping
Refreshing native plugins compatible for Editor in 0.77 ms, found 1 plugins.
Preloading 0 native plugins for Editor in 0.00 ms.
Unloading 1793 Unused Serialized files (Serialized files now loaded: 0)
System memory in use before: 90.0 MB.
System memory in use after: 90.0 MB.

Unloading 12 unused Assets to reduce memory usage. Loaded Objects now: 2329.
Total: 4.924700 ms (FindLiveObjects: 1.073100 ms CreateObjectMapping: 0.270500 ms MarkObjects: 3.314100 ms  DeleteObjects: 0.265200 ms)

========================================================================
Received Import Request.
  Time since last request: 272.597066 seconds.
  path: Assets/Resources/Prefabs/Ghost1.prefab
  artifactKey: Guid(7f25d01fc832b3b4eb8cb7c0bb2fc059) Importer(815301076,1909f56bfc062723c751e8b465ee728b)
Start importing Assets/Resources/Prefabs/Ghost1.prefab using Guid(7f25d01fc832b3b4eb8cb7c0bb2fc059) Importer(815301076,1909f56bfc062723c751e8b465ee728b)  -> (artifact id: 'e344d749161a64e12579d9a6b53473aa') in 0.119805 seconds
  Import took 0.177522 seconds .

========================================================================
Received Prepare
Registering precompiled user dll's ...
Registered in 0.001797 seconds.
Begin MonoManager ReloadAssembly
Native extension for WindowsStandalone target not found
Refreshing native plugins compatible for Editor in 0.54 ms, found 1 plugins.
Preloading 0 native plugins for Editor in 0.03 ms.
Invoked RoslynAnalysisRunner static constructor.
RoslynAnalysisRunner will not be running.
RoslynAnalysisRunner has terminated.
Mono: successfully reloaded assembly
- Completed reload, in  1.746 seconds
Platform modules already initialized, skipping
Refreshing native plugins compatible for Editor in 1.09 ms, found 1 plugins.
Preloading 0 native plugins for Editor in 0.00 ms.
Unloading 1793 Unused Serialized files (Serialized files now loaded: 0)
System memory in use before: 90.1 MB.
System memory in use after: 90.1 MB.

Unloading 12 unused Assets to reduce memory usage. Loaded Objects now: 2333.
Total: 3.585400 ms (FindLiveObjects: 0.424200 ms CreateObjectMapping: 0.119400 ms MarkObjects: 2.794900 ms  DeleteObjects: 0.244200 ms)

========================================================================
Received Import Request.
  Time since last request: 37.320446 seconds.
  path: Assets/Resources/Prefabs/Ghost1.prefab
  artifactKey: Guid(7f25d01fc832b3b4eb8cb7c0bb2fc059) Importer(815301076,1909f56bfc062723c751e8b465ee728b)
Start importing Assets/Resources/Prefabs/Ghost1.prefab using Guid(7f25d01fc832b3b4eb8cb7c0bb2fc059) Importer(815301076,1909f56bfc062723c751e8b465ee728b)  -> (artifact id: '5f39a70ac7e121a14f91225d5dea25aa') in 0.104131 seconds
  Import took 0.112034 seconds .

========================================================================
Received Import Request.
  Time since last request: 0.379437 seconds.
  path: Assets/Resources/Prefabs/Ghost1.prefab
  artifactKey: Guid(7f25d01fc832b3b4eb8cb7c0bb2fc059) Importer(815301076,1909f56bfc062723c751e8b465ee728b)
Start importing Assets/Resources/Prefabs/Ghost1.prefab using Guid(7f25d01fc832b3b4eb8cb7c0bb2fc059) Importer(815301076,1909f56bfc062723c751e8b465ee728b)  -> (artifact id: 'baeed7e3ba41bc0a7a6609a94afec495') in 0.019665 seconds
  Import took 0.026940 seconds .

========================================================================
Received Import Request.
  Time since last request: 0.019990 seconds.
  path: Assets/Resources/Prefabs/Ghost1.prefab
  artifactKey: Guid(7f25d01fc832b3b4eb8cb7c0bb2fc059) Importer(815301076,1909f56bfc062723c751e8b465ee728b)
Start importing Assets/Resources/Prefabs/Ghost1.prefab using Guid(7f25d01fc832b3b4eb8cb7c0bb2fc059) Importer(815301076,1909f56bfc062723c751e8b465ee728b)  -> (artifact id: 'baeed7e3ba41bc0a7a6609a94afec495') in 0.016928 seconds
  Import took 0.023950 seconds .

========================================================================
Received Import Request.
  Time since last request: 1.181716 seconds.
  path: Assets/Resources/Prefabs/Ghost1.prefab
  artifactKey: Guid(7f25d01fc832b3b4eb8cb7c0bb2fc059) Importer(815301076,1909f56bfc062723c751e8b465ee728b)
Start importing Assets/Resources/Prefabs/Ghost1.prefab using Guid(7f25d01fc832b3b4eb8cb7c0bb2fc059) Importer(815301076,1909f56bfc062723c751e8b465ee728b)  -> (artifact id: '914e2bcefcf5baec0d345d330281b00d') in 0.018154 seconds
  Import took 0.024198 seconds .

========================================================================
Received Prepare
Registering precompiled user dll's ...
Registered in 0.001589 seconds.
Begin MonoManager ReloadAssembly
Native extension for WindowsStandalone target not found
Refreshing native plugins compatible for Editor in 0.73 ms, found 1 plugins.
Preloading 0 native plugins for Editor in 0.00 ms.
Invoked RoslynAnalysisRunner static constructor.
RoslynAnalysisRunner will not be running.
RoslynAnalysisRunner has terminated.
Mono: successfully reloaded assembly
- Completed reload, in  1.850 seconds
Platform modules already initialized, skipping
Refreshing native plugins compatible for Editor in 0.83 ms, found 1 plugins.
Preloading 0 native plugins for Editor in 0.00 ms.
Unloading 1793 Unused Serialized files (Serialized files now loaded: 0)
System memory in use before: 90.2 MB.
System memory in use after: 90.2 MB.

Unloading 12 unused Assets to reduce memory usage. Loaded Objects now: 2337.
Total: 6.057300 ms (FindLiveObjects: 0.563300 ms CreateObjectMapping: 0.187100 ms MarkObjects: 4.860500 ms  DeleteObjects: 0.443900 ms)

========================================================================
Received Import Request.
  Time since last request: 16.279782 seconds.
  path: Assets/Resources/Prefabs/Holy water.prefab
  artifactKey: Guid(0e0079f9ad75c264daff8bdf5150ada9) Importer(815301076,1909f56bfc062723c751e8b465ee728b)
Start importing Assets/Resources/Prefabs/Holy water.prefab using Guid(0e0079f9ad75c264daff8bdf5150ada9) Importer(815301076,1909f56bfc062723c751e8b465ee728b)  -> (artifact id: '52bd78a460bdcae3fa7c0f8a74806a24') in 0.119200 seconds
  Import took 0.126300 seconds .

========================================================================
Received Import Request.
  Time since last request: 0.189657 seconds.
  path: Assets/Resources/Prefabs/Holy water.prefab
  artifactKey: Guid(0e0079f9ad75c264daff8bdf5150ada9) Importer(815301076,1909f56bfc062723c751e8b465ee728b)
Start importing Assets/Resources/Prefabs/Holy water.prefab using Guid(0e0079f9ad75c264daff8bdf5150ada9) Importer(815301076,1909f56bfc062723c751e8b465ee728b)  -> (artifact id: '66f340a81a46a8da2e24f1e9d6458128') in 0.016457 seconds
  Import took 0.023780 seconds .

========================================================================
Received Import Request.
  Time since last request: 0.800652 seconds.
  path: Assets/Resources/Prefabs/Holy water.prefab
  artifactKey: Guid(0e0079f9ad75c264daff8bdf5150ada9) Importer(815301076,1909f56bfc062723c751e8b465ee728b)
Start importing Assets/Resources/Prefabs/Holy water.prefab using Guid(0e0079f9ad75c264daff8bdf5150ada9) Importer(815301076,1909f56bfc062723c751e8b465ee728b)  -> (artifact id: '3dbd2a68652c902e7f9baf3cae70ccd1') in 0.017678 seconds
  Import took 0.024487 seconds .

========================================================================
Received Prepare
Registering precompiled user dll's ...
Registered in 0.001992 seconds.
Begin MonoManager ReloadAssembly
Native extension for WindowsStandalone target not found
Refreshing native plugins compatible for Editor in 0.58 ms, found 1 plugins.
Preloading 0 native plugins for Editor in 0.00 ms.
Invoked RoslynAnalysisRunner static constructor.
RoslynAnalysisRunner will not be running.
RoslynAnalysisRunner has terminated.
Mono: successfully reloaded assembly
- Completed reload, in  1.796 seconds
Platform modules already initialized, skipping
Refreshing native plugins compatible for Editor in 0.72 ms, found 1 plugins.
Preloading 0 native plugins for Editor in 0.00 ms.
Unloading 1793 Unused Serialized files (Serialized files now loaded: 0)
System memory in use before: 90.2 MB.
System memory in use after: 90.2 MB.

Unloading 12 unused Assets to reduce memory usage. Loaded Objects now: 2341.
Total: 4.457100 ms (FindLiveObjects: 0.518900 ms CreateObjectMapping: 0.332800 ms MarkObjects: 3.403500 ms  DeleteObjects: 0.199500 ms)

========================================================================
Received Import Request.
  Time since last request: 68.797064 seconds.
  path: Assets/Resources/Prefabs/Holy water.prefab
  artifactKey: Guid(0e0079f9ad75c264daff8bdf5150ada9) Importer(815301076,1909f56bfc062723c751e8b465ee728b)
Start importing Assets/Resources/Prefabs/Holy water.prefab using Guid(0e0079f9ad75c264daff8bdf5150ada9) Importer(815301076,1909f56bfc062723c751e8b465ee728b)  -> (artifact id: '3cf3ae80cea0671f8e08ea29218413ed') in 0.110352 seconds
  Import took 0.116917 seconds .

========================================================================
Received Prepare
Registering precompiled user dll's ...
Registered in 0.001785 seconds.
Begin MonoManager ReloadAssembly
Native extension for WindowsStandalone target not found
Refreshing native plugins compatible for Editor in 0.50 ms, found 1 plugins.
Preloading 0 native plugins for Editor in 0.00 ms.
Invoked RoslynAnalysisRunner static constructor.
RoslynAnalysisRunner will not be running.
RoslynAnalysisRunner has terminated.
Mono: successfully reloaded assembly
- Completed reload, in  1.791 seconds
Platform modules already initialized, skipping
Refreshing native plugins compatible for Editor in 0.50 ms, found 1 plugins.
Preloading 0 native plugins for Editor in 0.00 ms.
Unloading 1793 Unused Serialized files (Serialized files now loaded: 0)
System memory in use before: 90.3 MB.
System memory in use after: 90.3 MB.

Unloading 12 unused Assets to reduce memory usage. Loaded Objects now: 2345.
Total: 3.526600 ms (FindLiveObjects: 0.228400 ms CreateObjectMapping: 0.122400 ms MarkObjects: 2.939900 ms  DeleteObjects: 0.234700 ms)

AssetImportWorkerClient::OnTransportError - code=2 error=End of file
