Using pre-set license
Built from '2020.2/release' branch; Version is '2020.2.2f1 (068178b99f32) revision 426360'; Using compiler version '192528614'; Build Type 'Release'
OS: 'Windows 10 Home; OS build 19043.1348; Version 2009; 64bit' Language: 'en' Physical Memory: 16138 MB
BatchMode: 1, IsHumanControllingUs: 0, StartBugReporterOnCrash: 0, Is64bit: 1, IsPro: 0

 COMMAND LINE ARGUMENTS:
C:\Program Files\Unity\Editor\Unity.exe
-adb2
-batchMode
-noUpm
-name
AssetImportWorker0
-projectPath
C:/Users/seven/Documents/tafe/cert iv digital and interactive games/Game Design/Assessment 3 - Retro/Retro-Assessment-2D
-logFile
Logs/AssetImportWorker0.log
-srvPort
49186
Successfully changed project path to: C:/Users/seven/Documents/tafe/cert iv digital and interactive games/Game Design/Assessment 3 - Retro/Retro-Assessment-2D
C:/Users/seven/Documents/tafe/cert iv digital and interactive games/Game Design/Assessment 3 - Retro/Retro-Assessment-2D
Using Asset Import Pipeline V2.
Refreshing native plugins compatible for Editor in 41.49 ms, found 1 plugins.
Preloading 0 native plugins for Editor in 0.00 ms.
Initialize engine version: 2020.2.2f1 (068178b99f32)
[Subsystems] Discovering subsystems at path C:/Program Files/Unity/Editor/Data/Resources/UnitySubsystems
[Subsystems] Discovering subsystems at path C:/Users/seven/Documents/tafe/cert iv digital and interactive games/Game Design/Assessment 3 - Retro/Retro-Assessment-2D/Assets
GfxDevice: creating device client; threaded=0
Direct3D:
    Version:  Direct3D 11.0 [level 11.1]
    Renderer: Intel(R) Iris(R) Plus Graphics (ID=0x8a52)
    Vendor:   
    VRAM:     8069 MB
    Driver:   27.20.100.9664
Initialize mono
Mono path[0] = 'C:/Program Files/Unity/Editor/Data/Managed'
Mono path[1] = 'C:/Program Files/Unity/Editor/Data/MonoBleedingEdge/lib/mono/unityjit'
Mono config path = 'C:/Program Files/Unity/Editor/Data/MonoBleedingEdge/etc'
Using monoOptions --debugger-agent=transport=dt_socket,embedding=1,server=y,suspend=n,address=127.0.0.1:56708
Begin MonoManager ReloadAssembly
Registering precompiled unity dll's ...
Register platform support module: C:/Program Files/Unity/Editor/Data/PlaybackEngines/WindowsStandaloneSupport/UnityEditor.WindowsStandalone.Extensions.dll
Registered in 0.002824 seconds.
Native extension for WindowsStandalone target not found
Refreshing native plugins compatible for Editor in 40.19 ms, found 1 plugins.
Preloading 0 native plugins for Editor in 0.00 ms.
Invoked RoslynAnalysisRunner static constructor.
RoslynAnalysisRunner will not be running.
RoslynAnalysisRunner has terminated.
Mono: successfully reloaded assembly
- Completed reload, in  1.086 seconds
Platform modules already initialized, skipping
Registering precompiled user dll's ...
Registered in 0.001164 seconds.
Begin MonoManager ReloadAssembly
Native extension for WindowsStandalone target not found
Refreshing native plugins compatible for Editor in 46.07 ms, found 1 plugins.
Preloading 0 native plugins for Editor in 0.00 ms.
Invoked RoslynAnalysisRunner static constructor.
RoslynAnalysisRunner will not be running.
RoslynAnalysisRunner has terminated.
Mono: successfully reloaded assembly
- Completed reload, in  1.140 seconds
Platform modules already initialized, skipping
========================================================================
Worker process is ready to serve import requests
Launched and connected shader compiler UnityShaderCompiler.exe after 0.07 seconds
Refreshing native plugins compatible for Editor in 0.51 ms, found 1 plugins.
Preloading 0 native plugins for Editor in 0.00 ms.
Unloading 1804 Unused Serialized files (Serialized files now loaded: 0)
System memory in use before: 85.3 MB.
System memory in use after: 85.2 MB.

Unloading 24 unused Assets to reduce memory usage. Loaded Objects now: 2247.
Total: 3.992700 ms (FindLiveObjects: 0.358300 ms CreateObjectMapping: 0.113300 ms MarkObjects: 3.279100 ms  DeleteObjects: 0.237300 ms)

========================================================================
Received Import Request.
  path: Assets/Scenes/Level3.unity
  artifactKey: Guid(195351e9b0d61b447a9152f88cfa39e8) Importer(815301076,1909f56bfc062723c751e8b465ee728b)
Start importing Assets/Scenes/Level3.unity using Guid(195351e9b0d61b447a9152f88cfa39e8) Importer(815301076,1909f56bfc062723c751e8b465ee728b)  -> (artifact id: 'c77de107786da43497aa22884a3ad613') in 0.069832 seconds
  Import took 0.076419 seconds .

========================================================================
Received Prepare
Refreshing native plugins compatible for Editor in 2.54 ms, found 1 plugins.
Preloading 0 native plugins for Editor in 0.00 ms.
Unloading 10 Unused Serialized files (Serialized files now loaded: 0)
System memory in use before: 49.0 MB.
System memory in use after: 49.0 MB.

Unloading 10 unused Assets to reduce memory usage. Loaded Objects now: 2247.
Total: 3.004400 ms (FindLiveObjects: 0.247700 ms CreateObjectMapping: 0.084900 ms MarkObjects: 2.552100 ms  DeleteObjects: 0.117600 ms)

========================================================================
Received Import Request.
  Time since last request: 626.523827 seconds.
  path: Assets/Scenes/Level2.unity
  artifactKey: Guid(ff696017d4b05de4b9067626500c80f3) Importer(815301076,1909f56bfc062723c751e8b465ee728b)
Start importing Assets/Scenes/Level2.unity using Guid(ff696017d4b05de4b9067626500c80f3) Importer(815301076,1909f56bfc062723c751e8b465ee728b)  -> (artifact id: '7fd7fbad9f34c1e1d0ce720867fdbd24') in 0.014250 seconds
  Import took 0.020381 seconds .

========================================================================
Received Import Request.
  Time since last request: 20.515318 seconds.
  path: Assets/Scripts/LevelEnd.cs
  artifactKey: Guid(a7b975e289528d8429ae71212aeee8db) Importer(815301076,1909f56bfc062723c751e8b465ee728b)
Start importing Assets/Scripts/LevelEnd.cs using Guid(a7b975e289528d8429ae71212aeee8db) Importer(815301076,1909f56bfc062723c751e8b465ee728b)  -> (artifact id: '8ddebf506d5a6346c98796909233e047') in 0.090417 seconds
  Import took 0.094884 seconds .

========================================================================
Received Prepare
Registering precompiled user dll's ...
Registered in 0.001394 seconds.
Begin MonoManager ReloadAssembly
Native extension for WindowsStandalone target not found
Refreshing native plugins compatible for Editor in 0.43 ms, found 1 plugins.
Preloading 0 native plugins for Editor in 0.00 ms.
Invoked RoslynAnalysisRunner static constructor.
RoslynAnalysisRunner will not be running.
RoslynAnalysisRunner has terminated.
Mono: successfully reloaded assembly
- Completed reload, in  0.874 seconds
Platform modules already initialized, skipping
Refreshing native plugins compatible for Editor in 0.33 ms, found 1 plugins.
Preloading 0 native plugins for Editor in 0.00 ms.
Unloading 1799 Unused Serialized files (Serialized files now loaded: 0)
System memory in use before: 85.4 MB.
System memory in use after: 85.4 MB.

Unloading 12 unused Assets to reduce memory usage. Loaded Objects now: 2250.
Total: 2.101900 ms (FindLiveObjects: 0.220400 ms CreateObjectMapping: 0.090700 ms MarkObjects: 1.664600 ms  DeleteObjects: 0.115500 ms)

========================================================================
Received Prepare
Registering precompiled user dll's ...
Registered in 0.001791 seconds.
Begin MonoManager ReloadAssembly
Native extension for WindowsStandalone target not found
Refreshing native plugins compatible for Editor in 0.26 ms, found 1 plugins.
Preloading 0 native plugins for Editor in 0.00 ms.
Invoked RoslynAnalysisRunner static constructor.
RoslynAnalysisRunner will not be running.
RoslynAnalysisRunner has terminated.
Mono: successfully reloaded assembly
- Completed reload, in  0.947 seconds
Platform modules already initialized, skipping
Refreshing native plugins compatible for Editor in 0.48 ms, found 1 plugins.
Preloading 0 native plugins for Editor in 0.00 ms.
Unloading 1799 Unused Serialized files (Serialized files now loaded: 0)
System memory in use before: 85.5 MB.
System memory in use after: 85.5 MB.

Unloading 12 unused Assets to reduce memory usage. Loaded Objects now: 2253.
Total: 2.880400 ms (FindLiveObjects: 0.441100 ms CreateObjectMapping: 0.119700 ms MarkObjects: 2.089100 ms  DeleteObjects: 0.228800 ms)

========================================================================
Received Prepare
Registering precompiled user dll's ...
Registered in 0.000836 seconds.
Begin MonoManager ReloadAssembly
Native extension for WindowsStandalone target not found
Refreshing native plugins compatible for Editor in 0.27 ms, found 1 plugins.
Preloading 0 native plugins for Editor in 0.00 ms.
Invoked RoslynAnalysisRunner static constructor.
RoslynAnalysisRunner will not be running.
RoslynAnalysisRunner has terminated.
Mono: successfully reloaded assembly
- Completed reload, in  0.900 seconds
Platform modules already initialized, skipping
Refreshing native plugins compatible for Editor in 0.38 ms, found 1 plugins.
Preloading 0 native plugins for Editor in 0.00 ms.
Unloading 1799 Unused Serialized files (Serialized files now loaded: 0)
System memory in use before: 85.7 MB.
System memory in use after: 85.7 MB.

Unloading 12 unused Assets to reduce memory usage. Loaded Objects now: 2256.
Total: 3.738100 ms (FindLiveObjects: 0.362900 ms CreateObjectMapping: 0.161200 ms MarkObjects: 3.051100 ms  DeleteObjects: 0.161600 ms)

========================================================================
Received Prepare
Registering precompiled user dll's ...
Registered in 0.000838 seconds.
Begin MonoManager ReloadAssembly
Native extension for WindowsStandalone target not found
Refreshing native plugins compatible for Editor in 0.57 ms, found 1 plugins.
Preloading 0 native plugins for Editor in 0.00 ms.
Invoked RoslynAnalysisRunner static constructor.
RoslynAnalysisRunner will not be running.
RoslynAnalysisRunner has terminated.
Mono: successfully reloaded assembly
- Completed reload, in  0.909 seconds
Platform modules already initialized, skipping
Refreshing native plugins compatible for Editor in 0.31 ms, found 1 plugins.
Preloading 0 native plugins for Editor in 0.00 ms.
Unloading 1799 Unused Serialized files (Serialized files now loaded: 0)
System memory in use before: 85.8 MB.
System memory in use after: 85.8 MB.

Unloading 12 unused Assets to reduce memory usage. Loaded Objects now: 2259.
Total: 2.910900 ms (FindLiveObjects: 0.240100 ms CreateObjectMapping: 0.112900 ms MarkObjects: 2.316100 ms  DeleteObjects: 0.240500 ms)

========================================================================
Received Prepare
Registering precompiled user dll's ...
Registered in 0.000984 seconds.
Begin MonoManager ReloadAssembly
Native extension for WindowsStandalone target not found
Refreshing native plugins compatible for Editor in 0.82 ms, found 1 plugins.
Preloading 0 native plugins for Editor in 0.00 ms.
Invoked RoslynAnalysisRunner static constructor.
RoslynAnalysisRunner will not be running.
RoslynAnalysisRunner has terminated.
Mono: successfully reloaded assembly
- Completed reload, in  0.991 seconds
Platform modules already initialized, skipping
Refreshing native plugins compatible for Editor in 0.56 ms, found 1 plugins.
Preloading 0 native plugins for Editor in 0.00 ms.
Unloading 1799 Unused Serialized files (Serialized files now loaded: 0)
System memory in use before: 85.9 MB.
System memory in use after: 85.9 MB.

Unloading 12 unused Assets to reduce memory usage. Loaded Objects now: 2262.
Total: 3.734000 ms (FindLiveObjects: 0.146900 ms CreateObjectMapping: 0.045700 ms MarkObjects: 3.390800 ms  DeleteObjects: 0.148800 ms)

========================================================================
Received Prepare
Registering precompiled user dll's ...
Registered in 0.000883 seconds.
Begin MonoManager ReloadAssembly
Native extension for WindowsStandalone target not found
Refreshing native plugins compatible for Editor in 0.44 ms, found 1 plugins.
Preloading 0 native plugins for Editor in 0.00 ms.
Invoked RoslynAnalysisRunner static constructor.
RoslynAnalysisRunner will not be running.
RoslynAnalysisRunner has terminated.
Mono: successfully reloaded assembly
- Completed reload, in  0.842 seconds
Platform modules already initialized, skipping
Refreshing native plugins compatible for Editor in 0.28 ms, found 1 plugins.
Preloading 0 native plugins for Editor in 0.00 ms.
Unloading 1799 Unused Serialized files (Serialized files now loaded: 0)
System memory in use before: 86.0 MB.
System memory in use after: 86.0 MB.

Unloading 12 unused Assets to reduce memory usage. Loaded Objects now: 2265.
Total: 2.882800 ms (FindLiveObjects: 0.339100 ms CreateObjectMapping: 0.129100 ms MarkObjects: 2.208900 ms  DeleteObjects: 0.203300 ms)

========================================================================
Received Prepare
Registering precompiled user dll's ...
Registered in 0.001024 seconds.
Begin MonoManager ReloadAssembly
Native extension for WindowsStandalone target not found
Refreshing native plugins compatible for Editor in 0.46 ms, found 1 plugins.
Preloading 0 native plugins for Editor in 0.00 ms.
Invoked RoslynAnalysisRunner static constructor.
RoslynAnalysisRunner will not be running.
RoslynAnalysisRunner has terminated.
Mono: successfully reloaded assembly
- Completed reload, in  1.010 seconds
Platform modules already initialized, skipping
Refreshing native plugins compatible for Editor in 0.27 ms, found 1 plugins.
Preloading 0 native plugins for Editor in 0.00 ms.
Unloading 1799 Unused Serialized files (Serialized files now loaded: 0)
System memory in use before: 86.0 MB.
System memory in use after: 86.0 MB.

Unloading 12 unused Assets to reduce memory usage. Loaded Objects now: 2268.
Total: 2.287000 ms (FindLiveObjects: 0.310600 ms CreateObjectMapping: 0.109800 ms MarkObjects: 1.675900 ms  DeleteObjects: 0.187300 ms)

========================================================================
Received Prepare
Registering precompiled user dll's ...
Registered in 0.000800 seconds.
Begin MonoManager ReloadAssembly
Native extension for WindowsStandalone target not found
Refreshing native plugins compatible for Editor in 0.36 ms, found 1 plugins.
Preloading 0 native plugins for Editor in 0.00 ms.
Invoked RoslynAnalysisRunner static constructor.
RoslynAnalysisRunner will not be running.
RoslynAnalysisRunner has terminated.
Mono: successfully reloaded assembly
- Completed reload, in  0.870 seconds
Platform modules already initialized, skipping
Refreshing native plugins compatible for Editor in 0.25 ms, found 1 plugins.
Preloading 0 native plugins for Editor in 0.00 ms.
Unloading 1799 Unused Serialized files (Serialized files now loaded: 0)
System memory in use before: 86.1 MB.
System memory in use after: 86.1 MB.

Unloading 12 unused Assets to reduce memory usage. Loaded Objects now: 2271.
Total: 3.886200 ms (FindLiveObjects: 0.309400 ms CreateObjectMapping: 0.081300 ms MarkObjects: 3.348900 ms  DeleteObjects: 0.145100 ms)

========================================================================
Received Prepare
Refreshing native plugins compatible for Editor in 2.68 ms, found 1 plugins.
Preloading 0 native plugins for Editor in 0.00 ms.
Unloading 10 Unused Serialized files (Serialized files now loaded: 0)
System memory in use before: 50.1 MB.
System memory in use after: 50.1 MB.

Unloading 10 unused Assets to reduce memory usage. Loaded Objects now: 2271.
Total: 2.187900 ms (FindLiveObjects: 0.363400 ms CreateObjectMapping: 0.093300 ms MarkObjects: 1.596500 ms  DeleteObjects: 0.132600 ms)

========================================================================
Received Import Request.
  Time since last request: 1779.571788 seconds.
  path: Assets/Scenes/Level2.unity
  artifactKey: Guid(ff696017d4b05de4b9067626500c80f3) Importer(815301076,1909f56bfc062723c751e8b465ee728b)
Start importing Assets/Scenes/Level2.unity using Guid(ff696017d4b05de4b9067626500c80f3) Importer(815301076,1909f56bfc062723c751e8b465ee728b)  -> (artifact id: '7a99396026fdf665559d95679cb039c8') in 0.022002 seconds
  Import took 0.025975 seconds .

========================================================================
Received Import Request.
  Time since last request: 15.645574 seconds.
  path: Assets/Scenes/Level3.unity
  artifactKey: Guid(195351e9b0d61b447a9152f88cfa39e8) Importer(815301076,1909f56bfc062723c751e8b465ee728b)
Start importing Assets/Scenes/Level3.unity using Guid(195351e9b0d61b447a9152f88cfa39e8) Importer(815301076,1909f56bfc062723c751e8b465ee728b)  -> (artifact id: '974609e35a5d3dc013ea9fe382e3fef4') in 0.011855 seconds
  Import took 0.017032 seconds .

========================================================================
Received Import Request.
  Time since last request: 9.578066 seconds.
  path: Assets/Scenes/Level2.unity
  artifactKey: Guid(ff696017d4b05de4b9067626500c80f3) Importer(815301076,1909f56bfc062723c751e8b465ee728b)
Start importing Assets/Scenes/Level2.unity using Guid(ff696017d4b05de4b9067626500c80f3) Importer(815301076,1909f56bfc062723c751e8b465ee728b)  -> (artifact id: '3c65f0329e82b9e21855b433526f3964') in 0.005908 seconds
  Import took 0.010632 seconds .

========================================================================
Received Prepare
Registering precompiled user dll's ...
Registered in 0.001105 seconds.
Begin MonoManager ReloadAssembly
Native extension for WindowsStandalone target not found
Refreshing native plugins compatible for Editor in 0.36 ms, found 1 plugins.
Preloading 0 native plugins for Editor in 0.00 ms.
Invoked RoslynAnalysisRunner static constructor.
RoslynAnalysisRunner will not be running.
RoslynAnalysisRunner has terminated.
Mono: successfully reloaded assembly
- Completed reload, in  0.944 seconds
Platform modules already initialized, skipping
Refreshing native plugins compatible for Editor in 0.31 ms, found 1 plugins.
Preloading 0 native plugins for Editor in 0.00 ms.
Unloading 1799 Unused Serialized files (Serialized files now loaded: 0)
System memory in use before: 86.3 MB.
System memory in use after: 86.3 MB.

Unloading 12 unused Assets to reduce memory usage. Loaded Objects now: 2274.
Total: 3.262500 ms (FindLiveObjects: 0.163700 ms CreateObjectMapping: 0.100100 ms MarkObjects: 2.643900 ms  DeleteObjects: 0.353600 ms)

========================================================================
Received Prepare
Registering precompiled user dll's ...
Registered in 0.001455 seconds.
Begin MonoManager ReloadAssembly
Native extension for WindowsStandalone target not found
Refreshing native plugins compatible for Editor in 0.41 ms, found 1 plugins.
Preloading 0 native plugins for Editor in 0.00 ms.
Invoked RoslynAnalysisRunner static constructor.
RoslynAnalysisRunner will not be running.
RoslynAnalysisRunner has terminated.
Mono: successfully reloaded assembly
- Completed reload, in  0.959 seconds
Platform modules already initialized, skipping
Refreshing native plugins compatible for Editor in 0.34 ms, found 1 plugins.
Preloading 0 native plugins for Editor in 0.00 ms.
Unloading 1799 Unused Serialized files (Serialized files now loaded: 0)
System memory in use before: 86.4 MB.
System memory in use after: 86.4 MB.

Unloading 12 unused Assets to reduce memory usage. Loaded Objects now: 2277.
Total: 4.065200 ms (FindLiveObjects: 0.195200 ms CreateObjectMapping: 0.067800 ms MarkObjects: 3.548800 ms  DeleteObjects: 0.251600 ms)

========================================================================
Received Prepare
Refreshing native plugins compatible for Editor in 1.53 ms, found 1 plugins.
Preloading 0 native plugins for Editor in 0.00 ms.
Unloading 10 Unused Serialized files (Serialized files now loaded: 0)
System memory in use before: 50.4 MB.
System memory in use after: 50.4 MB.

Unloading 10 unused Assets to reduce memory usage. Loaded Objects now: 2277.
Total: 3.488800 ms (FindLiveObjects: 0.510900 ms CreateObjectMapping: 0.155600 ms MarkObjects: 2.659000 ms  DeleteObjects: 0.161100 ms)

========================================================================
Received Prepare
Registering precompiled user dll's ...
Registered in 0.002437 seconds.
Begin MonoManager ReloadAssembly
Native extension for WindowsStandalone target not found
Refreshing native plugins compatible for Editor in 1.16 ms, found 1 plugins.
Preloading 0 native plugins for Editor in 0.00 ms.
Invoked RoslynAnalysisRunner static constructor.
RoslynAnalysisRunner will not be running.
RoslynAnalysisRunner has terminated.
Mono: successfully reloaded assembly
- Completed reload, in  2.118 seconds
Platform modules already initialized, skipping
Refreshing native plugins compatible for Editor in 0.51 ms, found 1 plugins.
Preloading 0 native plugins for Editor in 0.00 ms.
Unloading 1799 Unused Serialized files (Serialized files now loaded: 0)
System memory in use before: 86.6 MB.
System memory in use after: 86.6 MB.

Unloading 12 unused Assets to reduce memory usage. Loaded Objects now: 2280.
Total: 5.695300 ms (FindLiveObjects: 0.394800 ms CreateObjectMapping: 0.191200 ms MarkObjects: 4.824200 ms  DeleteObjects: 0.282000 ms)

========================================================================
Received Import Request.
  Time since last request: 1855.625413 seconds.
  path: Assets/Scenes/Level1.unity
  artifactKey: Guid(2cda990e2423bbf4892e6590ba056729) Importer(815301076,1909f56bfc062723c751e8b465ee728b)
Start importing Assets/Scenes/Level1.unity using Guid(2cda990e2423bbf4892e6590ba056729) Importer(815301076,1909f56bfc062723c751e8b465ee728b)  -> (artifact id: '316dcf4bb09369d404aa1a4c85a4ed4d') in 0.060570 seconds
  Import took 0.069392 seconds .

========================================================================
Received Import Request.
  Time since last request: 160.351450 seconds.
  path: Assets/Resources/Art/Ghost1/3rd Ghost 4.png
  artifactKey: Guid(e4db80a10794e604e87f09fa2c9c0228) Importer(815301076,1909f56bfc062723c751e8b465ee728b)
Start importing Assets/Resources/Art/Ghost1/3rd Ghost 4.png using Guid(e4db80a10794e604e87f09fa2c9c0228) Importer(815301076,1909f56bfc062723c751e8b465ee728b)  -> (artifact id: '896702e03ba610d6a0f6613b95aec36a') in 0.279604 seconds
  Import took 0.285679 seconds .

========================================================================
Received Import Request.
  Time since last request: 0.000547 seconds.
  path: Assets/Resources/Art/Ghost1/3rd Ghost 1.png
  artifactKey: Guid(6696b19ffdaa2e64ba487777fef1cb45) Importer(815301076,1909f56bfc062723c751e8b465ee728b)
Start importing Assets/Resources/Art/Ghost1/3rd Ghost 1.png using Guid(6696b19ffdaa2e64ba487777fef1cb45) Importer(815301076,1909f56bfc062723c751e8b465ee728b)  -> (artifact id: '685d5075e3a66f2684787454ba9516be') in 0.025169 seconds
  Import took 0.032591 seconds .

========================================================================
Received Import Request.
  Time since last request: 0.000477 seconds.
  path: Assets/Resources/Art/Ghost1/3rd Ghost 3.png
  artifactKey: Guid(7dc75ea831dc8254ea9ae5945254b79e) Importer(815301076,1909f56bfc062723c751e8b465ee728b)
Start importing Assets/Resources/Art/Ghost1/3rd Ghost 3.png using Guid(7dc75ea831dc8254ea9ae5945254b79e) Importer(815301076,1909f56bfc062723c751e8b465ee728b)  -> (artifact id: '36770c0b04cca8499f404765381b7c58') in 0.030183 seconds
  Import took 0.039868 seconds .

========================================================================
Received Import Request.
  Time since last request: 0.000410 seconds.
  path: Assets/Resources/Art/Ghost1/3rd Ghost 2.png
  artifactKey: Guid(10210846a87681d4d89ff437c3c0bf10) Importer(815301076,1909f56bfc062723c751e8b465ee728b)
Start importing Assets/Resources/Art/Ghost1/3rd Ghost 2.png using Guid(10210846a87681d4d89ff437c3c0bf10) Importer(815301076,1909f56bfc062723c751e8b465ee728b)  -> (artifact id: '2c051115bdedf48730c5ebd521e77162') in 0.029695 seconds
  Import took 0.037342 seconds .

========================================================================
Received Import Request.
  Time since last request: 0.000480 seconds.
  path: Assets/Resources/Art/Ghost1/Ghost 3.gif
  artifactKey: Guid(2cc5e0cec0089d04f8c69c61df410576) Importer(815301076,1909f56bfc062723c751e8b465ee728b)
Start importing Assets/Resources/Art/Ghost1/Ghost 3.gif using Guid(2cc5e0cec0089d04f8c69c61df410576) Importer(815301076,1909f56bfc062723c751e8b465ee728b)  -> (artifact id: 'd16d257412dba23ec611f2e21e43a066') in 0.036122 seconds
  Import took 0.044311 seconds .

========================================================================
Received Import Request.
  Time since last request: 11.035716 seconds.
  path: Assets/Resources/Art/Ghost1/3rd Ghost 4.png
  artifactKey: Guid(e4db80a10794e604e87f09fa2c9c0228) Importer(815301076,1909f56bfc062723c751e8b465ee728b)
Start importing Assets/Resources/Art/Ghost1/3rd Ghost 4.png using Guid(e4db80a10794e604e87f09fa2c9c0228) Importer(815301076,1909f56bfc062723c751e8b465ee728b)  -> (artifact id: 'd03873b1d07d204493a4a078036dd560') in 0.017863 seconds
  Import took 0.025437 seconds .

========================================================================
Received Import Request.
  Time since last request: 0.007222 seconds.
  path: Assets/Resources/Art/Ghost1/3rd Ghost 1.png
  artifactKey: Guid(6696b19ffdaa2e64ba487777fef1cb45) Importer(815301076,1909f56bfc062723c751e8b465ee728b)
Start importing Assets/Resources/Art/Ghost1/3rd Ghost 1.png using Guid(6696b19ffdaa2e64ba487777fef1cb45) Importer(815301076,1909f56bfc062723c751e8b465ee728b)  -> (artifact id: 'f5730ff044f1022f0d511fc535ddb0b8') in 0.023359 seconds
  Import took 0.029886 seconds .

========================================================================
Received Import Request.
  Time since last request: 0.000517 seconds.
  path: Assets/Resources/Art/Ghost1/3rd Ghost 3.png
  artifactKey: Guid(7dc75ea831dc8254ea9ae5945254b79e) Importer(815301076,1909f56bfc062723c751e8b465ee728b)
Start importing Assets/Resources/Art/Ghost1/3rd Ghost 3.png using Guid(7dc75ea831dc8254ea9ae5945254b79e) Importer(815301076,1909f56bfc062723c751e8b465ee728b)  -> (artifact id: '4b4cb28613d321ff41a20f1567ce739f') in 0.020465 seconds
  Import took 0.028375 seconds .

========================================================================
Received Import Request.
  Time since last request: 0.000408 seconds.
  path: Assets/Resources/Art/Ghost1/3rd Ghost 2.png
  artifactKey: Guid(10210846a87681d4d89ff437c3c0bf10) Importer(815301076,1909f56bfc062723c751e8b465ee728b)
Start importing Assets/Resources/Art/Ghost1/3rd Ghost 2.png using Guid(10210846a87681d4d89ff437c3c0bf10) Importer(815301076,1909f56bfc062723c751e8b465ee728b)  -> (artifact id: '27f8270244fbe9e28b528dfaa8f26a34') in 0.027072 seconds
  Import took 0.034626 seconds .

========================================================================
Received Import Request.
  Time since last request: 0.000448 seconds.
  path: Assets/Resources/Art/Ghost1/Ghost 3.gif
  artifactKey: Guid(2cc5e0cec0089d04f8c69c61df410576) Importer(815301076,1909f56bfc062723c751e8b465ee728b)
Start importing Assets/Resources/Art/Ghost1/Ghost 3.gif using Guid(2cc5e0cec0089d04f8c69c61df410576) Importer(815301076,1909f56bfc062723c751e8b465ee728b)  -> (artifact id: 'fe564fb332a5ff578f59eedc006a127a') in 0.014827 seconds
  Import took 0.023370 seconds .

========================================================================
Received Import Request.
  Time since last request: 7.175170 seconds.
  path: Assets/Resources/Art/Ghost1/3rd Ghost 4.png
  artifactKey: Guid(e4db80a10794e604e87f09fa2c9c0228) Importer(815301076,1909f56bfc062723c751e8b465ee728b)
Start importing Assets/Resources/Art/Ghost1/3rd Ghost 4.png using Guid(e4db80a10794e604e87f09fa2c9c0228) Importer(815301076,1909f56bfc062723c751e8b465ee728b)  -> (artifact id: '3c56504b07eb3310da83fb156fd593c0') in 0.017399 seconds
  Import took 0.024175 seconds .

========================================================================
Received Import Request.
  Time since last request: 0.015458 seconds.
  path: Assets/Resources/Art/Ghost1/3rd Ghost 1.png
  artifactKey: Guid(6696b19ffdaa2e64ba487777fef1cb45) Importer(815301076,1909f56bfc062723c751e8b465ee728b)
Start importing Assets/Resources/Art/Ghost1/3rd Ghost 1.png using Guid(6696b19ffdaa2e64ba487777fef1cb45) Importer(815301076,1909f56bfc062723c751e8b465ee728b)  -> (artifact id: 'f12141968e50fe8d81eeac588f6f98cc') in 0.020200 seconds
  Import took 0.027202 seconds .

========================================================================
Received Import Request.
  Time since last request: 0.000333 seconds.
  path: Assets/Resources/Art/Ghost1/3rd Ghost 3.png
  artifactKey: Guid(7dc75ea831dc8254ea9ae5945254b79e) Importer(815301076,1909f56bfc062723c751e8b465ee728b)
Start importing Assets/Resources/Art/Ghost1/3rd Ghost 3.png using Guid(7dc75ea831dc8254ea9ae5945254b79e) Importer(815301076,1909f56bfc062723c751e8b465ee728b)  -> (artifact id: '1ef089a2732b2b4fdebc3a72e0d28c34') in 0.025908 seconds
  Import took 0.034690 seconds .

========================================================================
Received Import Request.
  Time since last request: 0.000386 seconds.
  path: Assets/Resources/Art/Ghost1/3rd Ghost 2.png
  artifactKey: Guid(10210846a87681d4d89ff437c3c0bf10) Importer(815301076,1909f56bfc062723c751e8b465ee728b)
Start importing Assets/Resources/Art/Ghost1/3rd Ghost 2.png using Guid(10210846a87681d4d89ff437c3c0bf10) Importer(815301076,1909f56bfc062723c751e8b465ee728b)  -> (artifact id: 'c77f14f61524217825e215eaa6e7b5d5') in 0.021806 seconds
  Import took 0.028306 seconds .

========================================================================
Received Import Request.
  Time since last request: 0.000529 seconds.
  path: Assets/Resources/Art/Ghost1/Ghost 3.gif
  artifactKey: Guid(2cc5e0cec0089d04f8c69c61df410576) Importer(815301076,1909f56bfc062723c751e8b465ee728b)
Start importing Assets/Resources/Art/Ghost1/Ghost 3.gif using Guid(2cc5e0cec0089d04f8c69c61df410576) Importer(815301076,1909f56bfc062723c751e8b465ee728b)  -> (artifact id: 'df91de1e3e6141c0cbfb53d8f1d0deac') in 0.023021 seconds
  Import took 0.031282 seconds .

========================================================================
Received Import Request.
  Time since last request: 35.200482 seconds.
  path: Assets/Resources/Art/Ghost2/Ghost 2.gif
  artifactKey: Guid(95d37fd81467c2e40bd534cbc716b639) Importer(815301076,1909f56bfc062723c751e8b465ee728b)
Start importing Assets/Resources/Art/Ghost2/Ghost 2.gif using Guid(95d37fd81467c2e40bd534cbc716b639) Importer(815301076,1909f56bfc062723c751e8b465ee728b)  -> (artifact id: '4f03e82f59c530e7273ea714f144c14f') in 0.027176 seconds
  Import took 0.033983 seconds .

========================================================================
Received Import Request.
  Time since last request: 0.004550 seconds.
  path: Assets/Resources/Art/Ghost2/Ghost 2 Part 1.png
  artifactKey: Guid(e7f08d68809f9584bbd2659466549c0c) Importer(815301076,1909f56bfc062723c751e8b465ee728b)
Start importing Assets/Resources/Art/Ghost2/Ghost 2 Part 1.png using Guid(e7f08d68809f9584bbd2659466549c0c) Importer(815301076,1909f56bfc062723c751e8b465ee728b)  -> (artifact id: 'f3cb0c454f42db2a5e411d170930a3e9') in 0.029742 seconds
  Import took 0.038460 seconds .

========================================================================
Received Import Request.
  Time since last request: 0.000443 seconds.
  path: Assets/Resources/Art/Ghost2/Ghost 2 Part 4.png
  artifactKey: Guid(895959a5d37c6e8459cea9617d919724) Importer(815301076,1909f56bfc062723c751e8b465ee728b)
Start importing Assets/Resources/Art/Ghost2/Ghost 2 Part 4.png using Guid(895959a5d37c6e8459cea9617d919724) Importer(815301076,1909f56bfc062723c751e8b465ee728b)  -> (artifact id: '7dc12425e9b24cf793653e26d4849c98') in 0.032596 seconds
  Import took 0.039415 seconds .

========================================================================
Received Import Request.
  Time since last request: 0.000389 seconds.
  path: Assets/Resources/Art/Ghost2/Ghost 2 Part 2.png
  artifactKey: Guid(b690641c5e7e47d48b4360a6a0a079eb) Importer(815301076,1909f56bfc062723c751e8b465ee728b)
Start importing Assets/Resources/Art/Ghost2/Ghost 2 Part 2.png using Guid(b690641c5e7e47d48b4360a6a0a079eb) Importer(815301076,1909f56bfc062723c751e8b465ee728b)  -> (artifact id: '2a0446bf3b896d5e112ca3b60b7e4129') in 0.030588 seconds
  Import took 0.039041 seconds .

========================================================================
Received Import Request.
  Time since last request: 0.000618 seconds.
  path: Assets/Resources/Art/Ghost2/Ghost 2 Part 3.png
  artifactKey: Guid(72873541ec9bdeb42a7ba257d959deb6) Importer(815301076,1909f56bfc062723c751e8b465ee728b)
Start importing Assets/Resources/Art/Ghost2/Ghost 2 Part 3.png using Guid(72873541ec9bdeb42a7ba257d959deb6) Importer(815301076,1909f56bfc062723c751e8b465ee728b)  -> (artifact id: '1651e8f4bcdd90f1f99026a0c9ac8cfb') in 0.035595 seconds
  Import took 0.045759 seconds .

========================================================================
Received Import Request.
  Time since last request: 38.105618 seconds.
  path: Assets/Resources/Art/Priest Top View 8 bit.png
  artifactKey: Guid(d039d02eb6520bb4faff8507c12157e5) Importer(815301076,1909f56bfc062723c751e8b465ee728b)
Start importing Assets/Resources/Art/Priest Top View 8 bit.png using Guid(d039d02eb6520bb4faff8507c12157e5) Importer(815301076,1909f56bfc062723c751e8b465ee728b)  -> (artifact id: '26a73b8eeb39319d1a50282433e31bc9') in 0.030101 seconds
  Import took 0.039042 seconds .

========================================================================
Received Import Request.
  Time since last request: 0.000689 seconds.
  path: Assets/Resources/Art/Priest Top View 8 bit.png
  artifactKey: Guid(d039d02eb6520bb4faff8507c12157e5) Importer(815301076,1909f56bfc062723c751e8b465ee728b)
Start importing Assets/Resources/Art/Priest Top View 8 bit.png using Guid(d039d02eb6520bb4faff8507c12157e5) Importer(815301076,1909f56bfc062723c751e8b465ee728b)  -> (artifact id: '26a73b8eeb39319d1a50282433e31bc9') in 0.021468 seconds
  Import took 0.028011 seconds .

========================================================================
Received Import Request.
  Time since last request: 32.671490 seconds.
  path: Assets/Resources/Art/bg.png
  artifactKey: Guid(51d55b2ac1912bf4b99ff35ce8c62a2f) Importer(815301076,1909f56bfc062723c751e8b465ee728b)
Start importing Assets/Resources/Art/bg.png using Guid(51d55b2ac1912bf4b99ff35ce8c62a2f) Importer(815301076,1909f56bfc062723c751e8b465ee728b)  -> (artifact id: 'f2ae253c39cbc538800860a17cfac0dc') in 0.044548 seconds
  Import took 0.052241 seconds .

========================================================================
Received Import Request.
  Time since last request: 0.001302 seconds.
  path: Assets/Resources/Art/bg.png
  artifactKey: Guid(51d55b2ac1912bf4b99ff35ce8c62a2f) Importer(815301076,1909f56bfc062723c751e8b465ee728b)
Start importing Assets/Resources/Art/bg.png using Guid(51d55b2ac1912bf4b99ff35ce8c62a2f) Importer(815301076,1909f56bfc062723c751e8b465ee728b)  -> (artifact id: 'f2ae253c39cbc538800860a17cfac0dc') in 0.046160 seconds
  Import took 0.053116 seconds .

========================================================================
Received Import Request.
  Time since last request: 29.226364 seconds.
  path: Assets/Resources/Art/Ghost1/3rd Ghost 4.png
  artifactKey: Guid(e4db80a10794e604e87f09fa2c9c0228) Importer(815301076,1909f56bfc062723c751e8b465ee728b)
Start importing Assets/Resources/Art/Ghost1/3rd Ghost 4.png using Guid(e4db80a10794e604e87f09fa2c9c0228) Importer(815301076,1909f56bfc062723c751e8b465ee728b)  -> (artifact id: '7045decd898d28f8506e6bb5819171cc') in 0.017545 seconds
  Import took 0.025455 seconds .

========================================================================
Received Import Request.
  Time since last request: 0.012975 seconds.
  path: Assets/Resources/Art/Ghost1/3rd Ghost 1.png
  artifactKey: Guid(6696b19ffdaa2e64ba487777fef1cb45) Importer(815301076,1909f56bfc062723c751e8b465ee728b)
Start importing Assets/Resources/Art/Ghost1/3rd Ghost 1.png using Guid(6696b19ffdaa2e64ba487777fef1cb45) Importer(815301076,1909f56bfc062723c751e8b465ee728b)  -> (artifact id: '6ef664d818db835cbd488a6217719210') in 0.021895 seconds
  Import took 0.029204 seconds .

========================================================================
Received Import Request.
  Time since last request: 0.000544 seconds.
  path: Assets/Resources/Art/Ghost1/3rd Ghost 3.png
  artifactKey: Guid(7dc75ea831dc8254ea9ae5945254b79e) Importer(815301076,1909f56bfc062723c751e8b465ee728b)
Start importing Assets/Resources/Art/Ghost1/3rd Ghost 3.png using Guid(7dc75ea831dc8254ea9ae5945254b79e) Importer(815301076,1909f56bfc062723c751e8b465ee728b)  -> (artifact id: '7bd1942b5af4656d8b171e59ba93879d') in 0.024227 seconds
  Import took 0.031261 seconds .

========================================================================
Received Import Request.
  Time since last request: 0.000314 seconds.
  path: Assets/Resources/Art/Ghost1/3rd Ghost 2.png
  artifactKey: Guid(10210846a87681d4d89ff437c3c0bf10) Importer(815301076,1909f56bfc062723c751e8b465ee728b)
Start importing Assets/Resources/Art/Ghost1/3rd Ghost 2.png using Guid(10210846a87681d4d89ff437c3c0bf10) Importer(815301076,1909f56bfc062723c751e8b465ee728b)  -> (artifact id: '6a409ce64e468fc85979aace6541c2e4') in 0.018513 seconds
  Import took 0.025757 seconds .

========================================================================
Received Import Request.
  Time since last request: 0.000635 seconds.
  path: Assets/Resources/Art/Ghost1/Ghost 3.gif
  artifactKey: Guid(2cc5e0cec0089d04f8c69c61df410576) Importer(815301076,1909f56bfc062723c751e8b465ee728b)
Start importing Assets/Resources/Art/Ghost1/Ghost 3.gif using Guid(2cc5e0cec0089d04f8c69c61df410576) Importer(815301076,1909f56bfc062723c751e8b465ee728b)  -> (artifact id: 'c843488338c8c8c12407d734956706e7') in 0.021229 seconds
  Import took 0.027640 seconds .

========================================================================
Received Import Request.
  Time since last request: 63.294751 seconds.
  path: Assets/Scripts/CameraControl.cs
  artifactKey: Guid(b43740b963a3a7c41a91358e42bba7ae) Importer(815301076,1909f56bfc062723c751e8b465ee728b)
Start importing Assets/Scripts/CameraControl.cs using Guid(b43740b963a3a7c41a91358e42bba7ae) Importer(815301076,1909f56bfc062723c751e8b465ee728b)  -> (artifact id: 'f00698af0361021602800585a086a9ae') in 0.018193 seconds
  Import took 0.026436 seconds .

========================================================================
Received Prepare
Registering precompiled user dll's ...
Registered in 0.001997 seconds.
Begin MonoManager ReloadAssembly
Native extension for WindowsStandalone target not found
Refreshing native plugins compatible for Editor in 0.62 ms, found 1 plugins.
Preloading 0 native plugins for Editor in 0.00 ms.
Invoked RoslynAnalysisRunner static constructor.
RoslynAnalysisRunner will not be running.
RoslynAnalysisRunner has terminated.
Mono: successfully reloaded assembly
- Completed reload, in  2.118 seconds
Platform modules already initialized, skipping
Refreshing native plugins compatible for Editor in 0.53 ms, found 1 plugins.
Preloading 0 native plugins for Editor in 0.00 ms.
Unloading 1799 Unused Serialized files (Serialized files now loaded: 0)
System memory in use before: 89.8 MB.
System memory in use after: 89.8 MB.

Unloading 12 unused Assets to reduce memory usage. Loaded Objects now: 2293.
Total: 3.951000 ms (FindLiveObjects: 0.297300 ms CreateObjectMapping: 0.131100 ms MarkObjects: 3.210600 ms  DeleteObjects: 0.308200 ms)

========================================================================
Received Import Request.
  Time since last request: 46.975479 seconds.
  path: Assets/Scripts/CameraControl.cs
  artifactKey: Guid(b43740b963a3a7c41a91358e42bba7ae) Importer(815301076,1909f56bfc062723c751e8b465ee728b)
Start importing Assets/Scripts/CameraControl.cs using Guid(b43740b963a3a7c41a91358e42bba7ae) Importer(815301076,1909f56bfc062723c751e8b465ee728b)  -> (artifact id: '0adaa7b671c6d3e24ddbcd9f0e392c40') in 0.010154 seconds
  Import took 0.017449 seconds .

========================================================================
Received Prepare
Registering precompiled user dll's ...
Registered in 0.002301 seconds.
Begin MonoManager ReloadAssembly
Native extension for WindowsStandalone target not found
Refreshing native plugins compatible for Editor in 0.54 ms, found 1 plugins.
Preloading 0 native plugins for Editor in 0.00 ms.
Invoked RoslynAnalysisRunner static constructor.
RoslynAnalysisRunner will not be running.
RoslynAnalysisRunner has terminated.
Mono: successfully reloaded assembly
- Completed reload, in  1.879 seconds
Platform modules already initialized, skipping
Refreshing native plugins compatible for Editor in 0.38 ms, found 1 plugins.
Preloading 0 native plugins for Editor in 0.00 ms.
Unloading 1799 Unused Serialized files (Serialized files now loaded: 0)
System memory in use before: 89.9 MB.
System memory in use after: 89.9 MB.

Unloading 12 unused Assets to reduce memory usage. Loaded Objects now: 2296.
Total: 3.431600 ms (FindLiveObjects: 0.191800 ms CreateObjectMapping: 0.048800 ms MarkObjects: 2.894200 ms  DeleteObjects: 0.294800 ms)

========================================================================
Received Import Request.
  Time since last request: 38.972304 seconds.
  path: Assets/Scripts/CameraControl.cs
  artifactKey: Guid(b43740b963a3a7c41a91358e42bba7ae) Importer(815301076,1909f56bfc062723c751e8b465ee728b)
Start importing Assets/Scripts/CameraControl.cs using Guid(b43740b963a3a7c41a91358e42bba7ae) Importer(815301076,1909f56bfc062723c751e8b465ee728b)  -> (artifact id: 'b9da448d919ee3be1fb8b880254e1b73') in 0.012585 seconds
  Import took 0.018624 seconds .

========================================================================
Received Import Request.
  Time since last request: 0.001068 seconds.
  path: Assets/Scripts/CameraControl.cs
  artifactKey: Guid(b43740b963a3a7c41a91358e42bba7ae) Importer(815301076,1909f56bfc062723c751e8b465ee728b)
Start importing Assets/Scripts/CameraControl.cs using Guid(b43740b963a3a7c41a91358e42bba7ae) Importer(815301076,1909f56bfc062723c751e8b465ee728b)  -> (artifact id: 'b9da448d919ee3be1fb8b880254e1b73') in 0.005520 seconds
  Import took 0.012279 seconds .

========================================================================
Received Prepare
Registering precompiled user dll's ...
Registered in 0.001725 seconds.
Begin MonoManager ReloadAssembly
Native extension for WindowsStandalone target not found
Refreshing native plugins compatible for Editor in 0.46 ms, found 1 plugins.
Preloading 0 native plugins for Editor in 0.00 ms.
Invoked RoslynAnalysisRunner static constructor.
RoslynAnalysisRunner will not be running.
RoslynAnalysisRunner has terminated.
Mono: successfully reloaded assembly
- Completed reload, in  1.789 seconds
Platform modules already initialized, skipping
Refreshing native plugins compatible for Editor in 0.73 ms, found 1 plugins.
Preloading 0 native plugins for Editor in 0.00 ms.
Unloading 1799 Unused Serialized files (Serialized files now loaded: 0)
System memory in use before: 90.0 MB.
System memory in use after: 90.0 MB.

Unloading 12 unused Assets to reduce memory usage. Loaded Objects now: 2299.
Total: 3.584600 ms (FindLiveObjects: 0.448600 ms CreateObjectMapping: 0.160000 ms MarkObjects: 2.781500 ms  DeleteObjects: 0.192700 ms)

========================================================================
Received Prepare
Registering precompiled user dll's ...
Registered in 0.001839 seconds.
Begin MonoManager ReloadAssembly
Native extension for WindowsStandalone target not found
Refreshing native plugins compatible for Editor in 0.54 ms, found 1 plugins.
Preloading 0 native plugins for Editor in 0.00 ms.
Invoked RoslynAnalysisRunner static constructor.
RoslynAnalysisRunner will not be running.
RoslynAnalysisRunner has terminated.
Mono: successfully reloaded assembly
- Completed reload, in  1.850 seconds
Platform modules already initialized, skipping
Refreshing native plugins compatible for Editor in 0.54 ms, found 1 plugins.
Preloading 0 native plugins for Editor in 0.00 ms.
Unloading 1799 Unused Serialized files (Serialized files now loaded: 0)
System memory in use before: 90.1 MB.
System memory in use after: 90.1 MB.

Unloading 12 unused Assets to reduce memory usage. Loaded Objects now: 2302.
Total: 3.571500 ms (FindLiveObjects: 0.669800 ms CreateObjectMapping: 0.150800 ms MarkObjects: 2.583100 ms  DeleteObjects: 0.165700 ms)

========================================================================
Received Prepare
Registering precompiled user dll's ...
Registered in 0.001738 seconds.
Begin MonoManager ReloadAssembly
Native extension for WindowsStandalone target not found
Refreshing native plugins compatible for Editor in 0.49 ms, found 1 plugins.
Preloading 0 native plugins for Editor in 0.00 ms.
Invoked RoslynAnalysisRunner static constructor.
RoslynAnalysisRunner will not be running.
RoslynAnalysisRunner has terminated.
Mono: successfully reloaded assembly
- Completed reload, in  2.001 seconds
Platform modules already initialized, skipping
Refreshing native plugins compatible for Editor in 0.52 ms, found 1 plugins.
Preloading 0 native plugins for Editor in 0.00 ms.
Unloading 1799 Unused Serialized files (Serialized files now loaded: 0)
System memory in use before: 90.2 MB.
System memory in use after: 90.2 MB.

Unloading 12 unused Assets to reduce memory usage. Loaded Objects now: 2305.
Total: 4.061100 ms (FindLiveObjects: 0.421000 ms CreateObjectMapping: 0.137300 ms MarkObjects: 3.275200 ms  DeleteObjects: 0.224600 ms)

========================================================================
Received Prepare
Registering precompiled user dll's ...
Registered in 0.002324 seconds.
Begin MonoManager ReloadAssembly
Native extension for WindowsStandalone target not found
Refreshing native plugins compatible for Editor in 0.66 ms, found 1 plugins.
Preloading 0 native plugins for Editor in 0.00 ms.
Invoked RoslynAnalysisRunner static constructor.
RoslynAnalysisRunner will not be running.
RoslynAnalysisRunner has terminated.
Mono: successfully reloaded assembly
- Completed reload, in  1.949 seconds
Platform modules already initialized, skipping
Refreshing native plugins compatible for Editor in 0.45 ms, found 1 plugins.
Preloading 0 native plugins for Editor in 0.00 ms.
Unloading 1799 Unused Serialized files (Serialized files now loaded: 0)
System memory in use before: 90.3 MB.
System memory in use after: 90.3 MB.

Unloading 12 unused Assets to reduce memory usage. Loaded Objects now: 2308.
Total: 3.824000 ms (FindLiveObjects: 0.353000 ms CreateObjectMapping: 0.145400 ms MarkObjects: 3.135300 ms  DeleteObjects: 0.187500 ms)

========================================================================
Received Import Request.
  Time since last request: 328.063310 seconds.
  path: Assets/Resources/Animations/Ghost1 (1).controller
  artifactKey: Guid(1d9f2d25ef604d84a8441d7c4b7d413e) Importer(815301076,1909f56bfc062723c751e8b465ee728b)
Start importing Assets/Resources/Animations/Ghost1 (1).controller using Guid(1d9f2d25ef604d84a8441d7c4b7d413e) Importer(815301076,1909f56bfc062723c751e8b465ee728b)  -> (artifact id: '4f44574de2a25d8adf7a9bbc55efa214') in 0.050513 seconds
  Import took 0.058408 seconds .

========================================================================
Received Import Request.
  Time since last request: 77.876854 seconds.
  path: Assets/Resources/Animations/Ghost1 (1) 1.controller
  artifactKey: Guid(d67dd2c312b2f344686a972722e4fa01) Importer(815301076,1909f56bfc062723c751e8b465ee728b)
Start importing Assets/Resources/Animations/Ghost1 (1) 1.controller using Guid(d67dd2c312b2f344686a972722e4fa01) Importer(815301076,1909f56bfc062723c751e8b465ee728b)  -> (artifact id: '36e5d339684db2303ee8cbccec98b403') in 0.019947 seconds
  Import took 0.025840 seconds .

========================================================================
Received Import Request.
  Time since last request: 3.422803 seconds.
  path: Assets/Resources/Animations/Ghost2.controller
  artifactKey: Guid(d67dd2c312b2f344686a972722e4fa01) Importer(815301076,1909f56bfc062723c751e8b465ee728b)
Start importing Assets/Resources/Animations/Ghost2.controller using Guid(d67dd2c312b2f344686a972722e4fa01) Importer(815301076,1909f56bfc062723c751e8b465ee728b)  -> (artifact id: '831a61cfa2b5477c93dd8a0d52e92433') in 0.015330 seconds
  Import took 0.021442 seconds .

========================================================================
Received Import Request.
  Time since last request: 46.465949 seconds.
  path: Assets/Resources/Animations/Ghost2Anim.anim
  artifactKey: Guid(fc1e34c8021188a43b454bf5d2cddc7a) Importer(815301076,1909f56bfc062723c751e8b465ee728b)
Start importing Assets/Resources/Animations/Ghost2Anim.anim using Guid(fc1e34c8021188a43b454bf5d2cddc7a) Importer(815301076,1909f56bfc062723c751e8b465ee728b)  -> (artifact id: 'bc1199dcff57084487e1899e711b54b7') in 0.020567 seconds
  Import took 0.027678 seconds .

========================================================================
Received Prepare
Registering precompiled user dll's ...
Registered in 0.001865 seconds.
Begin MonoManager ReloadAssembly
Native extension for WindowsStandalone target not found
Refreshing native plugins compatible for Editor in 0.53 ms, found 1 plugins.
Preloading 0 native plugins for Editor in 0.00 ms.
Invoked RoslynAnalysisRunner static constructor.
RoslynAnalysisRunner will not be running.
RoslynAnalysisRunner has terminated.
Mono: successfully reloaded assembly
- Completed reload, in  1.914 seconds
Platform modules already initialized, skipping
Refreshing native plugins compatible for Editor in 1.43 ms, found 1 plugins.
Preloading 0 native plugins for Editor in 0.00 ms.
Unloading 1799 Unused Serialized files (Serialized files now loaded: 0)
System memory in use before: 90.4 MB.
System memory in use after: 90.4 MB.

Unloading 12 unused Assets to reduce memory usage. Loaded Objects now: 2311.
Total: 3.750000 ms (FindLiveObjects: 0.262000 ms CreateObjectMapping: 0.097300 ms MarkObjects: 3.169800 ms  DeleteObjects: 0.218900 ms)

========================================================================
Received Import Request.
  Time since last request: 1410.382157 seconds.
  path: Assets/Resources/Art/bg_end.png
  artifactKey: Guid(e5f13b89f240c904d96933f74f87ab86) Importer(815301076,1909f56bfc062723c751e8b465ee728b)
Start importing Assets/Resources/Art/bg_end.png using Guid(e5f13b89f240c904d96933f74f87ab86) Importer(815301076,1909f56bfc062723c751e8b465ee728b)  -> (artifact id: '09ca89351679b020124fd9663c664d8d') in 0.138125 seconds
  Import took 0.147552 seconds .

========================================================================
Received Import Request.
  Time since last request: 0.000471 seconds.
  path: Assets/Resources/Art/water_drop.png
  artifactKey: Guid(fe6ef09833001ca4e92a6f11d40444cb) Importer(815301076,1909f56bfc062723c751e8b465ee728b)
Start importing Assets/Resources/Art/water_drop.png using Guid(fe6ef09833001ca4e92a6f11d40444cb) Importer(815301076,1909f56bfc062723c751e8b465ee728b)  -> (artifact id: 'e185ed7823d854b538e3f3f4f253dd02') in 0.027166 seconds
  Import took 0.034175 seconds .

========================================================================
Received Import Request.
  Time since last request: 0.000382 seconds.
  path: Assets/Resources/Art/bg_front.png
  artifactKey: Guid(48345274ec5951e4d86a3af12377a52a) Importer(815301076,1909f56bfc062723c751e8b465ee728b)
Start importing Assets/Resources/Art/bg_front.png using Guid(48345274ec5951e4d86a3af12377a52a) Importer(815301076,1909f56bfc062723c751e8b465ee728b)  -> (artifact id: '9992a511aa4f39121811acb5ab60132e') in 0.034339 seconds
  Import took 0.043958 seconds .

========================================================================
Received Prepare
Registering precompiled user dll's ...
Registered in 0.001909 seconds.
Begin MonoManager ReloadAssembly
Native extension for WindowsStandalone target not found
Refreshing native plugins compatible for Editor in 0.98 ms, found 1 plugins.
Preloading 0 native plugins for Editor in 0.00 ms.
Invoked RoslynAnalysisRunner static constructor.
RoslynAnalysisRunner will not be running.
RoslynAnalysisRunner has terminated.
Mono: successfully reloaded assembly
- Completed reload, in  2.138 seconds
Platform modules already initialized, skipping
Refreshing native plugins compatible for Editor in 0.67 ms, found 1 plugins.
Preloading 0 native plugins for Editor in 0.00 ms.
Unloading 1799 Unused Serialized files (Serialized files now loaded: 0)
System memory in use before: 90.5 MB.
System memory in use after: 90.5 MB.

Unloading 12 unused Assets to reduce memory usage. Loaded Objects now: 2317.
Total: 5.127600 ms (FindLiveObjects: 0.478500 ms CreateObjectMapping: 0.198400 ms MarkObjects: 4.205300 ms  DeleteObjects: 0.242000 ms)

========================================================================
Received Import Request.
  Time since last request: 71.269886 seconds.
  path: Assets/Scenes/Level2.unity
  artifactKey: Guid(ff696017d4b05de4b9067626500c80f3) Importer(815301076,1909f56bfc062723c751e8b465ee728b)
Start importing Assets/Scenes/Level2.unity using Guid(ff696017d4b05de4b9067626500c80f3) Importer(815301076,1909f56bfc062723c751e8b465ee728b)  -> (artifact id: '80ca40f3a3a4d04daba6de38bcc3c76f') in 0.035076 seconds
  Import took 0.041208 seconds .

========================================================================
Received Import Request.
  Time since last request: 18.064997 seconds.
  path: Assets/Scenes/Level3.unity
  artifactKey: Guid(195351e9b0d61b447a9152f88cfa39e8) Importer(815301076,1909f56bfc062723c751e8b465ee728b)
Start importing Assets/Scenes/Level3.unity using Guid(195351e9b0d61b447a9152f88cfa39e8) Importer(815301076,1909f56bfc062723c751e8b465ee728b)  -> (artifact id: '3b0da4bf0ccbf936a1045765bc7fa764') in 0.007194 seconds
  Import took 0.015088 seconds .

========================================================================
Received Prepare
Registering precompiled user dll's ...
Registered in 0.001688 seconds.
Begin MonoManager ReloadAssembly
Native extension for WindowsStandalone target not found
Refreshing native plugins compatible for Editor in 0.58 ms, found 1 plugins.
Preloading 0 native plugins for Editor in 0.00 ms.
Invoked RoslynAnalysisRunner static constructor.
RoslynAnalysisRunner will not be running.
RoslynAnalysisRunner has terminated.
Mono: successfully reloaded assembly
- Completed reload, in  1.930 seconds
Platform modules already initialized, skipping
Refreshing native plugins compatible for Editor in 0.62 ms, found 1 plugins.
Preloading 0 native plugins for Editor in 0.00 ms.
Unloading 1799 Unused Serialized files (Serialized files now loaded: 0)
System memory in use before: 89.6 MB.
System memory in use after: 89.6 MB.

Unloading 12 unused Assets to reduce memory usage. Loaded Objects now: 2320.
Total: 4.262700 ms (FindLiveObjects: 0.687700 ms CreateObjectMapping: 0.243700 ms MarkObjects: 3.095500 ms  DeleteObjects: 0.233400 ms)

========================================================================
Received Prepare
Registering precompiled user dll's ...
Registered in 0.002123 seconds.
Begin MonoManager ReloadAssembly
Native extension for WindowsStandalone target not found
Refreshing native plugins compatible for Editor in 0.53 ms, found 1 plugins.
Preloading 0 native plugins for Editor in 0.00 ms.
Invoked RoslynAnalysisRunner static constructor.
RoslynAnalysisRunner will not be running.
RoslynAnalysisRunner has terminated.
Mono: successfully reloaded assembly
- Completed reload, in  1.863 seconds
Platform modules already initialized, skipping
Refreshing native plugins compatible for Editor in 0.37 ms, found 1 plugins.
Preloading 0 native plugins for Editor in 0.00 ms.
Unloading 1799 Unused Serialized files (Serialized files now loaded: 0)
System memory in use before: 89.7 MB.
System memory in use after: 89.7 MB.

Unloading 12 unused Assets to reduce memory usage. Loaded Objects now: 2323.
Total: 4.530800 ms (FindLiveObjects: 0.397100 ms CreateObjectMapping: 0.118100 ms MarkObjects: 3.821400 ms  DeleteObjects: 0.191600 ms)

========================================================================
Received Prepare
Registering precompiled user dll's ...
Registered in 0.001880 seconds.
Begin MonoManager ReloadAssembly
Native extension for WindowsStandalone target not found
Refreshing native plugins compatible for Editor in 0.94 ms, found 1 plugins.
Preloading 0 native plugins for Editor in 0.00 ms.
Invoked RoslynAnalysisRunner static constructor.
RoslynAnalysisRunner will not be running.
RoslynAnalysisRunner has terminated.
Mono: successfully reloaded assembly
- Completed reload, in  1.884 seconds
Platform modules already initialized, skipping
Refreshing native plugins compatible for Editor in 0.47 ms, found 1 plugins.
Preloading 0 native plugins for Editor in 0.00 ms.
Unloading 1799 Unused Serialized files (Serialized files now loaded: 0)
System memory in use before: 89.8 MB.
System memory in use after: 89.8 MB.

Unloading 12 unused Assets to reduce memory usage. Loaded Objects now: 2326.
Total: 4.202000 ms (FindLiveObjects: 0.459800 ms CreateObjectMapping: 0.104100 ms MarkObjects: 3.446400 ms  DeleteObjects: 0.189400 ms)

========================================================================
Received Import Request.
  Time since last request: 437.305901 seconds.
  path: Assets/Scenes/Level1.unity
  artifactKey: Guid(2cda990e2423bbf4892e6590ba056729) Importer(815301076,1909f56bfc062723c751e8b465ee728b)
Start importing Assets/Scenes/Level1.unity using Guid(2cda990e2423bbf4892e6590ba056729) Importer(815301076,1909f56bfc062723c751e8b465ee728b)  -> (artifact id: '3947abf41154dbc8c605d216dc7352a3') in 0.036520 seconds
  Import took 0.043991 seconds .

========================================================================
Received Prepare
Registering precompiled user dll's ...
Registered in 0.003091 seconds.
Begin MonoManager ReloadAssembly
Native extension for WindowsStandalone target not found
Refreshing native plugins compatible for Editor in 1.13 ms, found 1 plugins.
Preloading 0 native plugins for Editor in 0.00 ms.
Invoked RoslynAnalysisRunner static constructor.
RoslynAnalysisRunner will not be running.
RoslynAnalysisRunner has terminated.
Mono: successfully reloaded assembly
- Completed reload, in  1.905 seconds
Platform modules already initialized, skipping
Refreshing native plugins compatible for Editor in 0.53 ms, found 1 plugins.
Preloading 0 native plugins for Editor in 0.00 ms.
Unloading 1799 Unused Serialized files (Serialized files now loaded: 0)
System memory in use before: 89.9 MB.
System memory in use after: 89.9 MB.

Unloading 12 unused Assets to reduce memory usage. Loaded Objects now: 2329.
Total: 4.207300 ms (FindLiveObjects: 0.677100 ms CreateObjectMapping: 0.166800 ms MarkObjects: 3.170500 ms  DeleteObjects: 0.189200 ms)

========================================================================
Received Import Request.
  Time since last request: 37.753246 seconds.
  path: Assets/Scenes/Level2.unity
  artifactKey: Guid(ff696017d4b05de4b9067626500c80f3) Importer(815301076,1909f56bfc062723c751e8b465ee728b)
Start importing Assets/Scenes/Level2.unity using Guid(ff696017d4b05de4b9067626500c80f3) Importer(815301076,1909f56bfc062723c751e8b465ee728b)  -> (artifact id: '7796568a3e81168e80b77909581de449') in 0.025360 seconds
  Import took 0.035848 seconds .

AssetImportWorkerClient::OnTransportError - code=2 error=End of file
