Using pre-set license
Built from '2020.2/release' branch; Version is '2020.2.2f1 (068178b99f32) revision 426360'; Using compiler version '192528614'; Build Type 'Release'
OS: 'Windows 10 Home; OS build 19043.1288; Version 2009; 64bit' Language: 'en' Physical Memory: 16138 MB
BatchMode: 1, IsHumanControllingUs: 0, StartBugReporterOnCrash: 0, Is64bit: 1, IsPro: 0

 COMMAND LINE ARGUMENTS:
C:\Program Files\Unity\Editor\Unity.exe
-adb2
-batchMode
-noUpm
-name
AssetImportWorker1
-projectPath
C:/Users/seven/Documents/tafe/cert iv digital and interactive games/Game Design/Assessment 3 - Retro/Retro-Assessment-2D
-logFile
Logs/AssetImportWorker1.log
-srvPort
59768
Successfully changed project path to: C:/Users/seven/Documents/tafe/cert iv digital and interactive games/Game Design/Assessment 3 - Retro/Retro-Assessment-2D
C:/Users/seven/Documents/tafe/cert iv digital and interactive games/Game Design/Assessment 3 - Retro/Retro-Assessment-2D
Using Asset Import Pipeline V2.
Refreshing native plugins compatible for Editor in 92.66 ms, found 1 plugins.
Preloading 0 native plugins for Editor in 0.00 ms.
Initialize engine version: 2020.2.2f1 (068178b99f32)
[Subsystems] Discovering subsystems at path C:/Program Files/Unity/Editor/Data/Resources/UnitySubsystems
[Subsystems] Discovering subsystems at path C:/Users/seven/Documents/tafe/cert iv digital and interactive games/Game Design/Assessment 3 - Retro/Retro-Assessment-2D/Assets
GfxDevice: creating device client; threaded=0
Direct3D:
    Version:  Direct3D 11.0 [level 11.1]
    Renderer: Intel(R) Iris(R) Plus Graphics (ID=0x8a52)
    Vendor:   
    VRAM:     8069 MB
    Driver:   27.20.100.9664
Initialize mono
Mono path[0] = 'C:/Program Files/Unity/Editor/Data/Managed'
Mono path[1] = 'C:/Program Files/Unity/Editor/Data/MonoBleedingEdge/lib/mono/unityjit'
Mono config path = 'C:/Program Files/Unity/Editor/Data/MonoBleedingEdge/etc'
Using monoOptions --debugger-agent=transport=dt_socket,embedding=1,server=y,suspend=n,address=127.0.0.1:56444
Begin MonoManager ReloadAssembly
Registering precompiled unity dll's ...
Register platform support module: C:/Program Files/Unity/Editor/Data/PlaybackEngines/WindowsStandaloneSupport/UnityEditor.WindowsStandalone.Extensions.dll
Registered in 0.003348 seconds.
Native extension for WindowsStandalone target not found
Refreshing native plugins compatible for Editor in 90.00 ms, found 1 plugins.
Preloading 0 native plugins for Editor in 0.00 ms.
Invoked RoslynAnalysisRunner static constructor.
RoslynAnalysisRunner will not be running.
RoslynAnalysisRunner has terminated.
Mono: successfully reloaded assembly
- Completed reload, in  2.327 seconds
Platform modules already initialized, skipping
Registering precompiled user dll's ...
Registered in 0.001935 seconds.
Begin MonoManager ReloadAssembly
Native extension for WindowsStandalone target not found
Refreshing native plugins compatible for Editor in 93.88 ms, found 1 plugins.
Preloading 0 native plugins for Editor in 0.00 ms.
Invoked RoslynAnalysisRunner static constructor.
RoslynAnalysisRunner will not be running.
RoslynAnalysisRunner has terminated.
Mono: successfully reloaded assembly
- Completed reload, in  7.578 seconds
Platform modules already initialized, skipping
========================================================================
Worker process is ready to serve import requests
Launched and connected shader compiler UnityShaderCompiler.exe after 0.16 seconds
Refreshing native plugins compatible for Editor in 0.48 ms, found 1 plugins.
Preloading 0 native plugins for Editor in 0.00 ms.
Unloading 1800 Unused Serialized files (Serialized files now loaded: 0)
System memory in use before: 85.1 MB.
System memory in use after: 85.1 MB.

Unloading 24 unused Assets to reduce memory usage. Loaded Objects now: 2242.
Total: 5.714900 ms (FindLiveObjects: 0.502900 ms CreateObjectMapping: 0.211600 ms MarkObjects: 4.629500 ms  DeleteObjects: 0.367800 ms)

========================================================================
Received Import Request.
  path: Assets/Scenes/Level1.unity
  artifactKey: Guid(2cda990e2423bbf4892e6590ba056729) Importer(815301076,1909f56bfc062723c751e8b465ee728b)
Start importing Assets/Scenes/Level1.unity using Guid(2cda990e2423bbf4892e6590ba056729) Importer(815301076,1909f56bfc062723c751e8b465ee728b)  -> (artifact id: 'e62355ff53f5d541d6fd256c41c7eec9') in 0.042639 seconds
  Import took 0.051642 seconds .

========================================================================
Received Import Request.
  Time since last request: 37.972311 seconds.
  path: Assets/Scripts/Enemies/GhostMover.cs
  artifactKey: Guid(9a20129c1d6f9634ea68b25f6f3bbd0b) Importer(815301076,1909f56bfc062723c751e8b465ee728b)
Start importing Assets/Scripts/Enemies/GhostMover.cs using Guid(9a20129c1d6f9634ea68b25f6f3bbd0b) Importer(815301076,1909f56bfc062723c751e8b465ee728b)  -> (artifact id: '1243714bf4e07a99edfc72a743104493') in 0.079500 seconds
  Import took 0.085921 seconds .

========================================================================
Received Import Request.
  Time since last request: 215.950386 seconds.
  path: Assets/Scripts/Enemies/GhostMover.cs
  artifactKey: Guid(9a20129c1d6f9634ea68b25f6f3bbd0b) Importer(815301076,1909f56bfc062723c751e8b465ee728b)
Start importing Assets/Scripts/Enemies/GhostMover.cs using Guid(9a20129c1d6f9634ea68b25f6f3bbd0b) Importer(815301076,1909f56bfc062723c751e8b465ee728b)  -> (artifact id: '033368a022db547de1d663e5c061e89e') in 0.008948 seconds
  Import took 0.058861 seconds .

========================================================================
Received Import Request.
  Time since last request: 171.970363 seconds.
  path: Assets/Scripts/Enemies/GhostMover.cs
  artifactKey: Guid(9a20129c1d6f9634ea68b25f6f3bbd0b) Importer(815301076,1909f56bfc062723c751e8b465ee728b)
Start importing Assets/Scripts/Enemies/GhostMover.cs using Guid(9a20129c1d6f9634ea68b25f6f3bbd0b) Importer(815301076,1909f56bfc062723c751e8b465ee728b)  -> (artifact id: 'f5a22bb20cb4309bec4e602974c44d43') in 0.010865 seconds
  Import took 0.057880 seconds .

